[0.224s] DEBUG:colcon:Command line arguments: ['/usr/bin/colcon', 'build', '--symlink-install']
[0.224s] DEBUG:colcon:Parsed command line arguments: Namespace(log_base=None, log_level=None, verb_name='build', build_base='build', install_base='install', merge_install=False, symlink_install=True, test_result_base=None, continue_on_error=False, executor='parallel', parallel_workers=16, event_handlers=None, ignore_user_meta=False, metas=['./colcon.meta'], base_paths=['.'], packages_ignore=None, packages_ignore_regex=None, paths=None, packages_up_to=None, packages_up_to_regex=None, packages_above=None, packages_above_and_dependencies=None, packages_above_depth=None, packages_select_by_dep=None, packages_skip_by_dep=None, packages_skip_up_to=None, packages_select_build_failed=False, packages_skip_build_finished=False, packages_select_test_failures=False, packages_skip_test_passed=False, packages_select=None, packages_skip=None, packages_select_regex=None, packages_skip_regex=None, packages_start=None, packages_end=None, allow_overriding=[], cmake_args=None, cmake_target=None, cmake_target_skip_unavailable=False, cmake_clean_cache=False, cmake_clean_first=False, cmake_force_configure=False, ament_cmake_args=None, catkin_cmake_args=None, catkin_skip_building_tests=False, verb_parser=<colcon_defaults.argument_parser.defaults.DefaultArgumentsDecorator object at 0x7f4cc22472b0>, verb_extension=<colcon_core.verb.build.BuildVerb object at 0x7f4cc2246bf0>, main=<bound method BuildVerb.main of <colcon_core.verb.build.BuildVerb object at 0x7f4cc2246bf0>>)
[0.456s] Level 1:colcon.colcon_core.package_discovery:discover_packages(colcon_meta) check parameters
[0.456s] Level 1:colcon.colcon_core.package_discovery:discover_packages(recursive) check parameters
[0.456s] Level 1:colcon.colcon_core.package_discovery:discover_packages(ignore) check parameters
[0.456s] Level 1:colcon.colcon_core.package_discovery:discover_packages(path) check parameters
[0.457s] Level 1:colcon.colcon_core.package_discovery:discover_packages(colcon_meta) discover
[0.457s] Level 1:colcon.colcon_core.package_discovery:discover_packages(recursive) discover
[0.457s] INFO:colcon.colcon_core.package_discovery:Crawling recursively for packages in '/home/armaanrasheed/robot-dog'
[0.457s] Level 1:colcon.colcon_core.package_identification:_identify(.) by extensions ['ignore', 'ignore_ament_install']
[0.457s] Level 1:colcon.colcon_core.package_identification:_identify(.) by extension 'ignore'
[0.457s] Level 1:colcon.colcon_core.package_identification:_identify(.) by extension 'ignore_ament_install'
[0.457s] Level 1:colcon.colcon_core.package_identification:_identify(.) by extensions ['colcon_pkg']
[0.457s] Level 1:colcon.colcon_core.package_identification:_identify(.) by extension 'colcon_pkg'
[0.457s] Level 1:colcon.colcon_core.package_identification:_identify(.) by extensions ['colcon_meta']
[0.457s] Level 1:colcon.colcon_core.package_identification:_identify(.) by extension 'colcon_meta'
[0.457s] Level 1:colcon.colcon_core.package_identification:_identify(.) by extensions ['ros']
[0.457s] Level 1:colcon.colcon_core.package_identification:_identify(.) by extension 'ros'
[0.468s] Level 1:colcon.colcon_core.package_identification:_identify(.) by extensions ['cmake', 'python']
[0.468s] Level 1:colcon.colcon_core.package_identification:_identify(.) by extension 'cmake'
[0.468s] Level 1:colcon.colcon_core.package_identification:_identify(.) by extension 'python'
[0.468s] Level 1:colcon.colcon_core.package_identification:_identify(.) by extensions ['python_setup_py']
[0.468s] Level 1:colcon.colcon_core.package_identification:_identify(.) by extension 'python_setup_py'
[0.468s] Level 1:colcon.colcon_core.package_identification:_identify(build) by extensions ['ignore', 'ignore_ament_install']
[0.468s] Level 1:colcon.colcon_core.package_identification:_identify(build) by extension 'ignore'
[0.468s] Level 1:colcon.colcon_core.package_identification:_identify(build) ignored
[0.468s] Level 1:colcon.colcon_core.package_identification:_identify(firmware) by extensions ['ignore', 'ignore_ament_install']
[0.468s] Level 1:colcon.colcon_core.package_identification:_identify(firmware) by extension 'ignore'
[0.468s] Level 1:colcon.colcon_core.package_identification:_identify(firmware) by extension 'ignore_ament_install'
[0.468s] Level 1:colcon.colcon_core.package_identification:_identify(firmware) by extensions ['colcon_pkg']
[0.468s] Level 1:colcon.colcon_core.package_identification:_identify(firmware) by extension 'colcon_pkg'
[0.468s] Level 1:colcon.colcon_core.package_identification:_identify(firmware) by extensions ['colcon_meta']
[0.468s] Level 1:colcon.colcon_core.package_identification:_identify(firmware) by extension 'colcon_meta'
[0.469s] Level 1:colcon.colcon_core.package_identification:_identify(firmware) by extensions ['ros']
[0.469s] Level 1:colcon.colcon_core.package_identification:_identify(firmware) by extension 'ros'
[0.469s] Level 1:colcon.colcon_core.package_identification:_identify(firmware) by extensions ['cmake', 'python']
[0.469s] Level 1:colcon.colcon_core.package_identification:_identify(firmware) by extension 'cmake'
[0.469s] Level 1:colcon.colcon_core.package_identification:_identify(firmware) by extension 'python'
[0.469s] Level 1:colcon.colcon_core.package_identification:_identify(firmware) by extensions ['python_setup_py']
[0.469s] Level 1:colcon.colcon_core.package_identification:_identify(firmware) by extension 'python_setup_py'
[0.469s] Level 1:colcon.colcon_core.package_identification:_identify(install) by extensions ['ignore', 'ignore_ament_install']
[0.469s] Level 1:colcon.colcon_core.package_identification:_identify(install) by extension 'ignore'
[0.469s] Level 1:colcon.colcon_core.package_identification:_identify(install) ignored
[0.469s] Level 1:colcon.colcon_core.package_identification:_identify(log) by extensions ['ignore', 'ignore_ament_install']
[0.469s] Level 1:colcon.colcon_core.package_identification:_identify(log) by extension 'ignore'
[0.469s] Level 1:colcon.colcon_core.package_identification:_identify(log) ignored
[0.469s] Level 1:colcon.colcon_core.package_identification:_identify(remote_ws) by extensions ['ignore', 'ignore_ament_install']
[0.469s] Level 1:colcon.colcon_core.package_identification:_identify(remote_ws) by extension 'ignore'
[0.469s] Level 1:colcon.colcon_core.package_identification:_identify(remote_ws) by extension 'ignore_ament_install'
[0.469s] Level 1:colcon.colcon_core.package_identification:_identify(remote_ws) by extensions ['colcon_pkg']
[0.469s] Level 1:colcon.colcon_core.package_identification:_identify(remote_ws) by extension 'colcon_pkg'
[0.469s] Level 1:colcon.colcon_core.package_identification:_identify(remote_ws) by extensions ['colcon_meta']
[0.469s] Level 1:colcon.colcon_core.package_identification:_identify(remote_ws) by extension 'colcon_meta'
[0.469s] Level 1:colcon.colcon_core.package_identification:_identify(remote_ws) by extensions ['ros']
[0.469s] Level 1:colcon.colcon_core.package_identification:_identify(remote_ws) by extension 'ros'
[0.470s] Level 1:colcon.colcon_core.package_identification:_identify(remote_ws) by extensions ['cmake', 'python']
[0.470s] Level 1:colcon.colcon_core.package_identification:_identify(remote_ws) by extension 'cmake'
[0.470s] Level 1:colcon.colcon_core.package_identification:_identify(remote_ws) by extension 'python'
[0.470s] Level 1:colcon.colcon_core.package_identification:_identify(remote_ws) by extensions ['python_setup_py']
[0.470s] Level 1:colcon.colcon_core.package_identification:_identify(remote_ws) by extension 'python_setup_py'
[0.470s] Level 1:colcon.colcon_core.package_identification:_identify(robot_ws) by extensions ['ignore', 'ignore_ament_install']
[0.470s] Level 1:colcon.colcon_core.package_identification:_identify(robot_ws) by extension 'ignore'
[0.470s] Level 1:colcon.colcon_core.package_identification:_identify(robot_ws) by extension 'ignore_ament_install'
[0.470s] Level 1:colcon.colcon_core.package_identification:_identify(robot_ws) by extensions ['colcon_pkg']
[0.470s] Level 1:colcon.colcon_core.package_identification:_identify(robot_ws) by extension 'colcon_pkg'
[0.470s] Level 1:colcon.colcon_core.package_identification:_identify(robot_ws) by extensions ['colcon_meta']
[0.470s] Level 1:colcon.colcon_core.package_identification:_identify(robot_ws) by extension 'colcon_meta'
[0.470s] Level 1:colcon.colcon_core.package_identification:_identify(robot_ws) by extensions ['ros']
[0.470s] Level 1:colcon.colcon_core.package_identification:_identify(robot_ws) by extension 'ros'
[0.470s] Level 1:colcon.colcon_core.package_identification:_identify(robot_ws) by extensions ['cmake', 'python']
[0.470s] Level 1:colcon.colcon_core.package_identification:_identify(robot_ws) by extension 'cmake'
[0.470s] Level 1:colcon.colcon_core.package_identification:_identify(robot_ws) by extension 'python'
[0.470s] Level 1:colcon.colcon_core.package_identification:_identify(robot_ws) by extensions ['python_setup_py']
[0.470s] Level 1:colcon.colcon_core.package_identification:_identify(robot_ws) by extension 'python_setup_py'
[0.470s] Level 1:colcon.colcon_core.package_identification:_identify(robot_ws/build) by extensions ['ignore', 'ignore_ament_install']
[0.470s] Level 1:colcon.colcon_core.package_identification:_identify(robot_ws/build) by extension 'ignore'
[0.470s] Level 1:colcon.colcon_core.package_identification:_identify(robot_ws/build) ignored
[0.471s] Level 1:colcon.colcon_core.package_identification:_identify(robot_ws/install) by extensions ['ignore', 'ignore_ament_install']
[0.471s] Level 1:colcon.colcon_core.package_identification:_identify(robot_ws/install) by extension 'ignore'
[0.471s] Level 1:colcon.colcon_core.package_identification:_identify(robot_ws/install) ignored
[0.471s] Level 1:colcon.colcon_core.package_identification:_identify(robot_ws/log) by extensions ['ignore', 'ignore_ament_install']
[0.471s] Level 1:colcon.colcon_core.package_identification:_identify(robot_ws/log) by extension 'ignore'
[0.471s] Level 1:colcon.colcon_core.package_identification:_identify(robot_ws/log) ignored
[0.471s] Level 1:colcon.colcon_core.package_identification:_identify(robot_ws/src) by extensions ['ignore', 'ignore_ament_install']
[0.471s] Level 1:colcon.colcon_core.package_identification:_identify(robot_ws/src) by extension 'ignore'
[0.471s] Level 1:colcon.colcon_core.package_identification:_identify(robot_ws/src) by extension 'ignore_ament_install'
[0.471s] Level 1:colcon.colcon_core.package_identification:_identify(robot_ws/src) by extensions ['colcon_pkg']
[0.471s] Level 1:colcon.colcon_core.package_identification:_identify(robot_ws/src) by extension 'colcon_pkg'
[0.471s] Level 1:colcon.colcon_core.package_identification:_identify(robot_ws/src) by extensions ['colcon_meta']
[0.471s] Level 1:colcon.colcon_core.package_identification:_identify(robot_ws/src) by extension 'colcon_meta'
[0.471s] Level 1:colcon.colcon_core.package_identification:_identify(robot_ws/src) by extensions ['ros']
[0.471s] Level 1:colcon.colcon_core.package_identification:_identify(robot_ws/src) by extension 'ros'
[0.471s] Level 1:colcon.colcon_core.package_identification:_identify(robot_ws/src) by extensions ['cmake', 'python']
[0.472s] Level 1:colcon.colcon_core.package_identification:_identify(robot_ws/src) by extension 'cmake'
[0.472s] Level 1:colcon.colcon_core.package_identification:_identify(robot_ws/src) by extension 'python'
[0.472s] Level 1:colcon.colcon_core.package_identification:_identify(robot_ws/src) by extensions ['python_setup_py']
[0.472s] Level 1:colcon.colcon_core.package_identification:_identify(robot_ws/src) by extension 'python_setup_py'
[0.472s] Level 1:colcon.colcon_core.package_identification:_identify(robot_ws/src/robot_description) by extensions ['ignore', 'ignore_ament_install']
[0.472s] Level 1:colcon.colcon_core.package_identification:_identify(robot_ws/src/robot_description) by extension 'ignore'
[0.472s] Level 1:colcon.colcon_core.package_identification:_identify(robot_ws/src/robot_description) by extension 'ignore_ament_install'
[0.472s] Level 1:colcon.colcon_core.package_identification:_identify(robot_ws/src/robot_description) by extensions ['colcon_pkg']
[0.472s] Level 1:colcon.colcon_core.package_identification:_identify(robot_ws/src/robot_description) by extension 'colcon_pkg'
[0.472s] Level 1:colcon.colcon_core.package_identification:_identify(robot_ws/src/robot_description) by extensions ['colcon_meta']
[0.472s] Level 1:colcon.colcon_core.package_identification:_identify(robot_ws/src/robot_description) by extension 'colcon_meta'
[0.472s] Level 1:colcon.colcon_core.package_identification:_identify(robot_ws/src/robot_description) by extensions ['ros']
[0.472s] Level 1:colcon.colcon_core.package_identification:_identify(robot_ws/src/robot_description) by extension 'ros'
[0.474s] DEBUG:colcon.colcon_core.package_identification:Package 'robot_ws/src/robot_description' with type 'ros.ament_cmake' and name 'robot_description'
[0.474s] Level 1:colcon.colcon_core.package_discovery:discover_packages(recursive) using defaults
[0.474s] Level 1:colcon.colcon_core.package_discovery:discover_packages(ignore) discover
[0.474s] Level 1:colcon.colcon_core.package_discovery:discover_packages(ignore) using defaults
[0.474s] Level 1:colcon.colcon_core.package_discovery:discover_packages(path) discover
[0.474s] Level 1:colcon.colcon_core.package_discovery:discover_packages(path) using defaults
[0.501s] Level 1:colcon.colcon_core.package_discovery:discover_packages(prefix_path) check parameters
[0.501s] Level 1:colcon.colcon_core.package_discovery:discover_packages(prefix_path) discover
[0.505s] DEBUG:colcon.colcon_installed_package_information.package_discovery:Found 2 installed packages in /home/armaanrasheed/robot-dog/install
[0.505s] DEBUG:colcon.colcon_installed_package_information.package_discovery:Found 1 installed packages in /home/armaanrasheed/robot-dog/robot_ws/install
[0.506s] DEBUG:colcon.colcon_installed_package_information.package_discovery:Found 296 installed packages in /opt/ros/humble
[0.507s] Level 1:colcon.colcon_core.package_discovery:discover_packages(prefix_path) using defaults
[0.549s] Level 5:colcon.colcon_core.verb:set package 'robot_description' build argument 'cmake_args' from command line to 'None'
[0.550s] Level 5:colcon.colcon_core.verb:set package 'robot_description' build argument 'cmake_target' from command line to 'None'
[0.550s] Level 5:colcon.colcon_core.verb:set package 'robot_description' build argument 'cmake_target_skip_unavailable' from command line to 'False'
[0.550s] Level 5:colcon.colcon_core.verb:set package 'robot_description' build argument 'cmake_clean_cache' from command line to 'False'
[0.550s] Level 5:colcon.colcon_core.verb:set package 'robot_description' build argument 'cmake_clean_first' from command line to 'False'
[0.550s] Level 5:colcon.colcon_core.verb:set package 'robot_description' build argument 'cmake_force_configure' from command line to 'False'
[0.550s] Level 5:colcon.colcon_core.verb:set package 'robot_description' build argument 'ament_cmake_args' from command line to 'None'
[0.550s] Level 5:colcon.colcon_core.verb:set package 'robot_description' build argument 'catkin_cmake_args' from command line to 'None'
[0.550s] Level 5:colcon.colcon_core.verb:set package 'robot_description' build argument 'catkin_skip_building_tests' from command line to 'False'
[0.550s] DEBUG:colcon.colcon_core.verb:Building package 'robot_description' with the following arguments: {'ament_cmake_args': None, 'build_base': '/home/armaanrasheed/robot-dog/build/robot_description', 'catkin_cmake_args': None, 'catkin_skip_building_tests': False, 'cmake_args': None, 'cmake_clean_cache': False, 'cmake_clean_first': False, 'cmake_force_configure': False, 'cmake_target': None, 'cmake_target_skip_unavailable': False, 'install_base': '/home/armaanrasheed/robot-dog/install/robot_description', 'merge_install': False, 'path': '/home/armaanrasheed/robot-dog/robot_ws/src/robot_description', 'symlink_install': True, 'test_result_base': None}
[0.550s] INFO:colcon.colcon_core.executor:Executing jobs using 'parallel' executor
[0.551s] DEBUG:colcon.colcon_parallel_executor.executor.parallel:run_until_complete
[0.551s] INFO:colcon.colcon_ros.task.ament_cmake.build:Building ROS package in '/home/armaanrasheed/robot-dog/robot_ws/src/robot_description' with build type 'ament_cmake'
[0.551s] INFO:colcon.colcon_cmake.task.cmake.build:Building CMake package in '/home/armaanrasheed/robot-dog/robot_ws/src/robot_description'
[0.558s] INFO:colcon.colcon_core.plugin_system:Skipping extension 'colcon_core.shell.bat': Not used on non-Windows systems
[0.558s] INFO:colcon.colcon_core.shell:Skip shell extension 'powershell' for command environment: Not usable outside of PowerShell
[0.558s] DEBUG:colcon.colcon_core.shell:Skip shell extension 'dsv' for command environment
[0.569s] DEBUG:colcon.colcon_core.event_handler.log_command:Invoking command in '/home/armaanrasheed/robot-dog/build/robot_description': CMAKE_PREFIX_PATH=${CMAKE_PREFIX_PATH}:/opt/ros/humble /usr/bin/cmake /home/armaanrasheed/robot-dog/robot_ws/src/robot_description -DAMENT_CMAKE_SYMLINK_INSTALL=1 -DCMAKE_INSTALL_PREFIX=/home/armaanrasheed/robot-dog/install/robot_description
[26.937s] DEBUG:colcon.colcon_core.event_handler.log_command:Invoked command in '/home/armaanrasheed/robot-dog/build/robot_description' returned '0': CMAKE_PREFIX_PATH=${CMAKE_PREFIX_PATH}:/opt/ros/humble /usr/bin/cmake /home/armaanrasheed/robot-dog/robot_ws/src/robot_description -DAMENT_CMAKE_SYMLINK_INSTALL=1 -DCMAKE_INSTALL_PREFIX=/home/armaanrasheed/robot-dog/install/robot_description
[26.938s] DEBUG:colcon.colcon_core.event_handler.log_command:Invoking command in '/home/armaanrasheed/robot-dog/build/robot_description': CMAKE_PREFIX_PATH=${CMAKE_PREFIX_PATH}:/opt/ros/humble /usr/bin/cmake --build /home/armaanrasheed/robot-dog/build/robot_description -- -j16 -l16
[26.963s] DEBUG:colcon.colcon_core.event_handler.log_command:Invoked command in '/home/armaanrasheed/robot-dog/build/robot_description' returned '0': CMAKE_PREFIX_PATH=${CMAKE_PREFIX_PATH}:/opt/ros/humble /usr/bin/cmake --build /home/armaanrasheed/robot-dog/build/robot_description -- -j16 -l16
[26.983s] DEBUG:colcon.colcon_core.event_handler.log_command:Invoking command in '/home/armaanrasheed/robot-dog/build/robot_description': CMAKE_PREFIX_PATH=${CMAKE_PREFIX_PATH}:/opt/ros/humble /usr/bin/cmake --install /home/armaanrasheed/robot-dog/build/robot_description
[27.205s] Level 1:colcon.colcon_core.environment:create_environment_scripts_only(robot_description)
[27.206s] DEBUG:colcon.colcon_core.event_handler.log_command:Invoked command in '/home/armaanrasheed/robot-dog/build/robot_description' returned '0': CMAKE_PREFIX_PATH=${CMAKE_PREFIX_PATH}:/opt/ros/humble /usr/bin/cmake --install /home/armaanrasheed/robot-dog/build/robot_description
[27.213s] Level 1:colcon.colcon_core.environment:checking '/home/armaanrasheed/robot-dog/install/robot_description' for CMake module files
[27.214s] Level 1:colcon.colcon_core.environment:checking '/home/armaanrasheed/robot-dog/install/robot_description' for CMake config files
[27.214s] Level 1:colcon.colcon_core.shell:create_environment_hook('robot_description', 'cmake_prefix_path')
[27.214s] INFO:colcon.colcon_core.shell:Creating environment hook '/home/armaanrasheed/robot-dog/install/robot_description/share/robot_description/hook/cmake_prefix_path.ps1'
[27.215s] INFO:colcon.colcon_core.shell:Creating environment descriptor '/home/armaanrasheed/robot-dog/install/robot_description/share/robot_description/hook/cmake_prefix_path.dsv'
[27.216s] INFO:colcon.colcon_core.shell:Creating environment hook '/home/armaanrasheed/robot-dog/install/robot_description/share/robot_description/hook/cmake_prefix_path.sh'
[27.217s] Level 1:colcon.colcon_core.environment:checking '/home/armaanrasheed/robot-dog/install/robot_description/bin'
[27.217s] Level 1:colcon.colcon_core.environment:checking '/home/armaanrasheed/robot-dog/install/robot_description/lib/pkgconfig/robot_description.pc'
[27.217s] Level 1:colcon.colcon_core.environment:checking '/home/armaanrasheed/robot-dog/install/robot_description/lib/python3.10/site-packages'
[27.217s] Level 1:colcon.colcon_core.environment:checking '/home/armaanrasheed/robot-dog/install/robot_description/bin'
[27.217s] INFO:colcon.colcon_core.shell:Creating package script '/home/armaanrasheed/robot-dog/install/robot_description/share/robot_description/package.ps1'
[27.218s] INFO:colcon.colcon_core.shell:Creating package descriptor '/home/armaanrasheed/robot-dog/install/robot_description/share/robot_description/package.dsv'
[27.219s] INFO:colcon.colcon_core.shell:Creating package script '/home/armaanrasheed/robot-dog/install/robot_description/share/robot_description/package.sh'
[27.220s] INFO:colcon.colcon_core.shell:Creating package script '/home/armaanrasheed/robot-dog/install/robot_description/share/robot_description/package.bash'
[27.220s] INFO:colcon.colcon_core.shell:Creating package script '/home/armaanrasheed/robot-dog/install/robot_description/share/robot_description/package.zsh'
[27.221s] Level 1:colcon.colcon_core.environment:create_file_with_runtime_dependencies(/home/armaanrasheed/robot-dog/install/robot_description/share/colcon-core/packages/robot_description)
[27.236s] Level 1:colcon.colcon_core.environment:create_environment_scripts_only(robot_description)
[27.237s] Level 1:colcon.colcon_core.environment:checking '/home/armaanrasheed/robot-dog/install/robot_description' for CMake module files
[27.237s] Level 1:colcon.colcon_core.environment:checking '/home/armaanrasheed/robot-dog/install/robot_description' for CMake config files
[27.237s] Level 1:colcon.colcon_core.shell:create_environment_hook('robot_description', 'cmake_prefix_path')
[27.238s] INFO:colcon.colcon_core.shell:Creating environment hook '/home/armaanrasheed/robot-dog/install/robot_description/share/robot_description/hook/cmake_prefix_path.ps1'
[27.238s] INFO:colcon.colcon_core.shell:Creating environment descriptor '/home/armaanrasheed/robot-dog/install/robot_description/share/robot_description/hook/cmake_prefix_path.dsv'
[27.238s] INFO:colcon.colcon_core.shell:Creating environment hook '/home/armaanrasheed/robot-dog/install/robot_description/share/robot_description/hook/cmake_prefix_path.sh'
[27.239s] Level 1:colcon.colcon_core.environment:checking '/home/armaanrasheed/robot-dog/install/robot_description/bin'
[27.239s] Level 1:colcon.colcon_core.environment:checking '/home/armaanrasheed/robot-dog/install/robot_description/lib/pkgconfig/robot_description.pc'
[27.239s] Level 1:colcon.colcon_core.environment:checking '/home/armaanrasheed/robot-dog/install/robot_description/lib/python3.10/site-packages'
[27.239s] Level 1:colcon.colcon_core.environment:checking '/home/armaanrasheed/robot-dog/install/robot_description/bin'
[27.239s] INFO:colcon.colcon_core.shell:Creating package script '/home/armaanrasheed/robot-dog/install/robot_description/share/robot_description/package.ps1'
[27.240s] INFO:colcon.colcon_core.shell:Creating package descriptor '/home/armaanrasheed/robot-dog/install/robot_description/share/robot_description/package.dsv'
[27.240s] INFO:colcon.colcon_core.shell:Creating package script '/home/armaanrasheed/robot-dog/install/robot_description/share/robot_description/package.sh'
[27.240s] INFO:colcon.colcon_core.shell:Creating package script '/home/armaanrasheed/robot-dog/install/robot_description/share/robot_description/package.bash'
[27.241s] INFO:colcon.colcon_core.shell:Creating package script '/home/armaanrasheed/robot-dog/install/robot_description/share/robot_description/package.zsh'
[27.241s] Level 1:colcon.colcon_core.environment:create_file_with_runtime_dependencies(/home/armaanrasheed/robot-dog/install/robot_description/share/colcon-core/packages/robot_description)
[27.242s] DEBUG:colcon.colcon_parallel_executor.executor.parallel:closing loop
[27.242s] DEBUG:colcon.colcon_parallel_executor.executor.parallel:loop closed
[27.242s] DEBUG:colcon.colcon_parallel_executor.executor.parallel:run_until_complete finished with '0'
[27.242s] DEBUG:colcon.colcon_core.event_reactor:joining thread
[27.287s] INFO:colcon.colcon_core.plugin_system:Skipping extension 'colcon_notification.desktop_notification.notify_send': Could not find 'notify-send'
[27.287s] INFO:colcon.colcon_core.plugin_system:Skipping extension 'colcon_notification.desktop_notification.terminal_notifier': Not used on non-Darwin systems
[27.287s] INFO:colcon.colcon_core.plugin_system:Skipping extension 'colcon_notification.desktop_notification.win32': Not used on non-Windows systems
[27.287s] INFO:colcon.colcon_notification.desktop_notification:Sending desktop notification using 'notify2'
[27.287s] DEBUG:colcon.colcon_notification.desktop_notification.notify2:Failed to initialize notify2: org.freedesktop.DBus.Error.FileNotFound: Failed to connect to socket /run/user/1000/bus: No such file or directory
[27.288s] DEBUG:colcon.colcon_core.event_reactor:joined thread
[27.288s] INFO:colcon.colcon_core.shell:Creating prefix script '/home/armaanrasheed/robot-dog/install/local_setup.ps1'
[27.289s] INFO:colcon.colcon_core.shell:Creating prefix util module '/home/armaanrasheed/robot-dog/install/_local_setup_util_ps1.py'
[27.290s] INFO:colcon.colcon_core.shell:Creating prefix chain script '/home/armaanrasheed/robot-dog/install/setup.ps1'
[27.291s] INFO:colcon.colcon_core.shell:Creating prefix script '/home/armaanrasheed/robot-dog/install/local_setup.sh'
[27.292s] INFO:colcon.colcon_core.shell:Creating prefix util module '/home/armaanrasheed/robot-dog/install/_local_setup_util_sh.py'
[27.292s] INFO:colcon.colcon_core.shell:Creating prefix chain script '/home/armaanrasheed/robot-dog/install/setup.sh'
[27.293s] INFO:colcon.colcon_core.shell:Creating prefix script '/home/armaanrasheed/robot-dog/install/local_setup.bash'
[27.294s] INFO:colcon.colcon_core.shell:Creating prefix chain script '/home/armaanrasheed/robot-dog/install/setup.bash'
[27.295s] INFO:colcon.colcon_core.shell:Creating prefix script '/home/armaanrasheed/robot-dog/install/local_setup.zsh'
[27.296s] INFO:colcon.colcon_core.shell:Creating prefix chain script '/home/armaanrasheed/robot-dog/install/setup.zsh'
