[0.012s] Invoking command in '/home/armaanrasheed/robot-dog/robot_ws/build/robot_description': CMAKE_PREFIX_PATH=${CMAKE_PREFIX_PATH}:/opt/ros/humble /usr/bin/cmake --build /home/armaanrasheed/robot-dog/robot_ws/build/robot_description -- -j16 -l16
[0.040s] Invoked command in '/home/armaanrasheed/robot-dog/robot_ws/build/robot_description' returned '0': CMAKE_PREFIX_PATH=${CMAKE_PREFIX_PATH}:/opt/ros/humble /usr/bin/cmake --build /home/armaanrasheed/robot-dog/robot_ws/build/robot_description -- -j16 -l16
[0.058s] Invoking command in '/home/armaanrasheed/robot-dog/robot_ws/build/robot_description': CMAKE_PREFIX_PATH=${CMAKE_PREFIX_PATH}:/opt/ros/humble /usr/bin/cmake --install /home/armaanrasheed/robot-dog/robot_ws/build/robot_description
[0.062s] -- Install configuration: ""
[0.063s] -- Up-to-date: /home/armaanrasheed/robot-dog/robot_ws/install/robot_description/share/robot_description/meshes
[0.063s] -- Up-to-date: /home/armaanrasheed/robot-dog/robot_ws/install/robot_description/share/robot_description/meshes/Left_Link_v4_2.stl
[0.063s] -- Up-to-date: /home/armaanrasheed/robot-dog/robot_ws/install/robot_description/share/robot_description/meshes/Servo_Horn_v3_8.stl
[0.063s] -- Up-to-date: /home/armaanrasheed/robot-dog/robot_ws/install/robot_description/share/robot_description/meshes/Component1_Mirror___5__2.stl
[0.063s] -- Up-to-date: /home/armaanrasheed/robot-dog/robot_ws/install/robot_description/share/robot_description/meshes/Servo_Horn_v3_1.stl
[0.063s] -- Up-to-date: /home/armaanrasheed/robot-dog/robot_ws/install/robot_description/share/robot_description/meshes/Left_Link_v4_1.stl
[0.064s] -- Up-to-date: /home/armaanrasheed/robot-dog/robot_ws/install/robot_description/share/robot_description/meshes/Servo_Horn_v3_3.stl
[0.064s] -- Up-to-date: /home/armaanrasheed/robot-dog/robot_ws/install/robot_description/share/robot_description/meshes/Component1_Mirror___4__2.stl
[0.064s] -- Up-to-date: /home/armaanrasheed/robot-dog/robot_ws/install/robot_description/share/robot_description/meshes/Servo_Horn_v3_5.stl
[0.064s] -- Up-to-date: /home/armaanrasheed/robot-dog/robot_ws/install/robot_description/share/robot_description/meshes/Foot_v3_1.stl
[0.064s] -- Up-to-date: /home/armaanrasheed/robot-dog/robot_ws/install/robot_description/share/robot_description/meshes/Right_Back_Leg_Mount_v1_1.stl
[0.064s] -- Up-to-date: /home/armaanrasheed/robot-dog/robot_ws/install/robot_description/share/robot_description/meshes/Foot_v3_2.stl
[0.064s] -- Up-to-date: /home/armaanrasheed/robot-dog/robot_ws/install/robot_description/share/robot_description/meshes/Right_Front_Leg_Mount_v1_1.stl
[0.065s] -- Up-to-date: /home/armaanrasheed/robot-dog/robot_ws/install/robot_description/share/robot_description/meshes/base_link.stl
[0.065s] -- Up-to-date: /home/armaanrasheed/robot-dog/robot_ws/install/robot_description/share/robot_description/meshes/Left_Front_Leg_Mount_v1_1.stl
[0.065s] -- Up-to-date: /home/armaanrasheed/robot-dog/robot_ws/install/robot_description/share/robot_description/meshes/Left_Back_Leg_Mount_v1_1.stl
[0.065s] -- Up-to-date: /home/armaanrasheed/robot-dog/robot_ws/install/robot_description/share/robot_description/meshes/Component1_Mirror___4__1.stl
[0.065s] -- Up-to-date: /home/armaanrasheed/robot-dog/robot_ws/install/robot_description/share/robot_description/meshes/Servo_Horn_v3_4.stl
[0.066s] -- Up-to-date: /home/armaanrasheed/robot-dog/robot_ws/install/robot_description/share/robot_description/meshes/Servo_Horn_v3_7.stl
[0.067s] -- Up-to-date: /home/armaanrasheed/robot-dog/robot_ws/install/robot_description/share/robot_description/meshes/Component1_Mirror___5__1.stl
[0.068s] -- Up-to-date: /home/armaanrasheed/robot-dog/robot_ws/install/robot_description/share/robot_description/meshes/Servo_Horn_v3_6.stl
[0.069s] -- Up-to-date: /home/armaanrasheed/robot-dog/robot_ws/install/robot_description/share/robot_description/meshes/Servo_Horn_v3_2.stl
[0.069s] -- Up-to-date: /home/armaanrasheed/robot-dog/robot_ws/install/robot_description/share/robot_description/urdf
[0.069s] -- Up-to-date: /home/armaanrasheed/robot-dog/robot_ws/install/robot_description/share/robot_description/urdf/assem.xacro
[0.070s] -- Up-to-date: /home/armaanrasheed/robot-dog/robot_ws/install/robot_description/share/robot_description/urdf/materials.xacro
[0.071s] -- Up-to-date: /home/armaanrasheed/robot-dog/robot_ws/install/robot_description/share/robot_description/urdf/assem.trans
[0.072s] -- Up-to-date: /home/armaanrasheed/robot-dog/robot_ws/install/robot_description/share/robot_description/launch
[0.072s] -- Up-to-date: /home/armaanrasheed/robot-dog/robot_ws/install/robot_description/share/robot_description/launch/robot_description.launch.py
[0.073s] -- Up-to-date: /home/armaanrasheed/robot-dog/robot_ws/install/robot_description/share/robot_description/launch/__pycache__
[0.073s] -- Installing: /home/armaanrasheed/robot-dog/robot_ws/install/robot_description/share/robot_description/launch/__pycache__/robot_description.launch.cpython-310.pyc
[0.073s] -- Up-to-date: /home/armaanrasheed/robot-dog/robot_ws/install/robot_description/share/ament_index/resource_index/package_run_dependencies/robot_description
[0.073s] -- Up-to-date: /home/armaanrasheed/robot-dog/robot_ws/install/robot_description/share/ament_index/resource_index/parent_prefix_path/robot_description
[0.073s] -- Up-to-date: /home/armaanrasheed/robot-dog/robot_ws/install/robot_description/share/robot_description/environment/ament_prefix_path.sh
[0.073s] -- Up-to-date: /home/armaanrasheed/robot-dog/robot_ws/install/robot_description/share/robot_description/environment/ament_prefix_path.dsv
[0.073s] -- Up-to-date: /home/armaanrasheed/robot-dog/robot_ws/install/robot_description/share/robot_description/environment/path.sh
[0.074s] -- Up-to-date: /home/armaanrasheed/robot-dog/robot_ws/install/robot_description/share/robot_description/environment/path.dsv
[0.074s] -- Up-to-date: /home/armaanrasheed/robot-dog/robot_ws/install/robot_description/share/robot_description/local_setup.bash
[0.074s] -- Up-to-date: /home/armaanrasheed/robot-dog/robot_ws/install/robot_description/share/robot_description/local_setup.sh
[0.074s] -- Up-to-date: /home/armaanrasheed/robot-dog/robot_ws/install/robot_description/share/robot_description/local_setup.zsh
[0.074s] -- Up-to-date: /home/armaanrasheed/robot-dog/robot_ws/install/robot_description/share/robot_description/local_setup.dsv
[0.074s] -- Installing: /home/armaanrasheed/robot-dog/robot_ws/install/robot_description/share/robot_description/package.dsv
[0.074s] -- Up-to-date: /home/armaanrasheed/robot-dog/robot_ws/install/robot_description/share/ament_index/resource_index/packages/robot_description
[0.074s] -- Up-to-date: /home/armaanrasheed/robot-dog/robot_ws/install/robot_description/share/robot_description/cmake/robot_descriptionConfig.cmake
[0.075s] -- Up-to-date: /home/armaanrasheed/robot-dog/robot_ws/install/robot_description/share/robot_description/cmake/robot_descriptionConfig-version.cmake
[0.075s] -- Up-to-date: /home/armaanrasheed/robot-dog/robot_ws/install/robot_description/share/robot_description/package.xml
[0.075s] Invoked command in '/home/armaanrasheed/robot-dog/robot_ws/build/robot_description' returned '0': CMAKE_PREFIX_PATH=${CMAKE_PREFIX_PATH}:/opt/ros/humble /usr/bin/cmake --install /home/armaanrasheed/robot-dog/robot_ws/build/robot_description
