[0.009s] Invoking command in '/home/armaanrasheed/robot-dog/build/robot_description': CMAKE_PREFIX_PATH=${CMAKE_PREFIX_PATH}:/opt/ros/humble /usr/bin/cmake /home/armaanrasheed/robot-dog/robot_ws/src/robot_description -DCMAKE_INSTALL_PREFIX=/home/armaanrasheed/robot-dog/install/robot_description
[0.209s] -- The C compiler identification is GNU 11.4.0
[0.692s] -- The CXX compiler identification is GNU 11.4.0
[0.991s] -- Detecting C compiler ABI info
[1.144s] -- Detecting C compiler ABI info - done
[1.150s] -- Check for working C compiler: /usr/bin/cc - skipped
[1.150s] -- Detecting C compile features
[1.151s] -- Detecting C compile features - done
[1.153s] -- Detecting CXX compiler ABI info
[1.306s] -- Detecting CXX compiler ABI info - done
[1.311s] -- Check for working CXX compiler: /usr/bin/c++ - skipped
[1.311s] -- Detecting CXX compile features
[1.312s] -- Detecting CXX compile features - done
[1.315s] -- Found ament_cmake: 1.3.9 (/opt/ros/humble/share/ament_cmake/cmake)
[1.416s] -- Found Python3: /usr/bin/python3 (found version "3.10.12") found components: Interpreter 
[1.478s] -- Found urdf: 2.6.0 (/opt/ros/humble/share/urdf/cmake)
[2.823s] -- Found xacro: 2.0.8 (/opt/ros/humble/share/xacro/cmake)
[2.824s] -- Found gazebo_ros: 3.7.0 (/opt/ros/humble/share/gazebo_ros/cmake)
[2.850s] -- Found rosidl_generator_c: 3.1.5 (/opt/ros/humble/share/rosidl_generator_c/cmake)
[2.854s] -- Found rosidl_adapter: 3.1.5 (/opt/ros/humble/share/rosidl_adapter/cmake)
[2.860s] -- Found rosidl_generator_cpp: 3.1.5 (/opt/ros/humble/share/rosidl_generator_cpp/cmake)
[2.871s] -- Using all available rosidl_typesupport_c: rosidl_typesupport_fastrtps_c;rosidl_typesupport_introspection_c
[2.884s] -- Using all available rosidl_typesupport_cpp: rosidl_typesupport_fastrtps_cpp;rosidl_typesupport_introspection_cpp
[2.937s] -- Found rmw_implementation_cmake: 6.1.2 (/opt/ros/humble/share/rmw_implementation_cmake/cmake)
[2.939s] -- Found rmw_fastrtps_cpp: 6.2.6 (/opt/ros/humble/share/rmw_fastrtps_cpp/cmake)
[2.968s] -- Found TinyXML2 via Config file: TinyXML2_DIR-NOTFOUND
[2.996s] -- Found OpenSSL: /usr/lib/x86_64-linux-gnu/libcrypto.so (found version "3.0.2")  
[2.998s] -- Found TinyXML2 via Config file: TinyXML2_DIR-NOTFOUND
[3.136s] -- Found FastRTPS: /opt/ros/humble/include  
[3.144s] -- Found TinyXML2 via Config file: TinyXML2_DIR-NOTFOUND
[3.150s] -- Found TinyXML2 via Config file: TinyXML2_DIR-NOTFOUND
[3.223s] -- Using RMW implementation 'rmw_fastrtps_cpp' as default
[3.230s] -- Looking for pthread.h
[3.383s] -- Looking for pthread.h - found
[3.383s] -- Performing Test CMAKE_HAVE_LIBC_PTHREAD
[3.531s] -- Performing Test CMAKE_HAVE_LIBC_PTHREAD - Success
[3.532s] -- Found Threads: TRUE  
[3.670s] -- Found PkgConfig: /usr/bin/pkg-config (found version "0.29.2") 
[3.671s] -- Checking for module 'bullet>=2.82'
[3.678s] --   Found bullet, version 3.05
[3.770s] -- Found fcl: /usr/include (found suitable version "0.7.0", minimum required is "0.5.0") 
[3.796s] -- Found assimp: /usr/include (found version "5.2.0") 
[3.810s] -- Found DART: /usr/include (Required is at least version "6.6") found components: dart 
[3.829s] -- Found Boost: /usr/lib/x86_64-linux-gnu/cmake/Boost-1.74.0/BoostConfig.cmake (found suitable version "1.74.0", minimum required is "1.40.0") found components: thread system filesystem program_options regex iostreams date_time 
[4.181s] -- Found Protobuf: /usr/lib/x86_64-linux-gnu/libprotobuf.so (found version "3.12.4") 
[4.184s] -- Looking for ignition-math6 -- found version 6.15.1
[4.189s] -- Searching for dependencies of ignition-math6
[4.191s] -- Looking for OGRE...
[4.191s] -- OGRE_PREFIX_WATCH changed.
[4.194s] -- Checking for module 'OGRE'
[4.200s] --   Found OGRE, version 1.9.0
[4.217s] -- Found Ogre Ghadamon (1.9.0)
[4.586s] -- Found OGRE: optimized;/usr/lib/x86_64-linux-gnu/libOgreMain.so;debug;/usr/lib/x86_64-linux-gnu/libOgreMain.so
[4.594s] -- Looking for OGRE_Paging...
[4.925s] -- Found OGRE_Paging: optimized;/usr/lib/x86_64-linux-gnu/libOgrePaging.so;debug;/usr/lib/x86_64-linux-gnu/libOgrePaging.so
[4.925s] -- Looking for OGRE_Terrain...
[5.263s] -- Found OGRE_Terrain: optimized;/usr/lib/x86_64-linux-gnu/libOgreTerrain.so;debug;/usr/lib/x86_64-linux-gnu/libOgreTerrain.so
[5.263s] -- Looking for OGRE_Property...
[5.593s] -- Found OGRE_Property: optimized;/usr/lib/x86_64-linux-gnu/libOgreProperty.so;debug;/usr/lib/x86_64-linux-gnu/libOgreProperty.so
[5.593s] -- Looking for OGRE_RTShaderSystem...
[5.930s] -- Found OGRE_RTShaderSystem: optimized;/usr/lib/x86_64-linux-gnu/libOgreRTShaderSystem.so;debug;/usr/lib/x86_64-linux-gnu/libOgreRTShaderSystem.so
[5.930s] -- Looking for OGRE_Volume...
[6.268s] -- Found OGRE_Volume: optimized;/usr/lib/x86_64-linux-gnu/libOgreVolume.so;debug;/usr/lib/x86_64-linux-gnu/libOgreVolume.so
[6.268s] -- Looking for OGRE_Overlay...
[6.609s] -- Found OGRE_Overlay: optimized;/usr/lib/x86_64-linux-gnu/libOgreOverlay.so;debug;/usr/lib/x86_64-linux-gnu/libOgreOverlay.so
[23.699s] -- Looking for ignition-math6 -- found version 6.15.1
[23.700s] -- Looking for ignition-transport8 -- found version 8.2.1
[23.701s] -- Searching for dependencies of ignition-transport8
[24.842s] -- Found Protobuf: /usr/lib/x86_64-linux-gnu/libprotobuf.so (found suitable version "3.12.4", minimum required is "3") 
[25.958s] -- Config-file not installed for ZeroMQ -- checking for pkg-config
[25.961s] -- Checking for module 'libzmq >= 4'
[25.969s] --   Found libzmq , version 4.3.4
[25.987s] -- Found ZeroMQ: TRUE (Required is at least version "4") 
[26.026s] -- Checking for module 'uuid'
[26.033s] --   Found uuid, version 2.37.2
[26.050s] -- Found UUID: TRUE  
[26.051s] -- Looking for ignition-msgs5 -- found version 5.8.1
[26.051s] -- Searching for dependencies of ignition-msgs5
[27.185s] -- Looking for ignition-math6 -- found version 6.15.1
[27.189s] -- Checking for module 'tinyxml2'
[27.195s] --   Found tinyxml2, version 9.0.0
[27.213s] -- Looking for ignition-msgs5 -- found version 5.8.1
[27.214s] -- Looking for ignition-common3 -- found version 3.14.0
[27.214s] -- Searching for dependencies of ignition-common3
[27.249s] -- Looking for dlfcn.h - found
[27.282s] -- Looking for libdl - found
[27.283s] -- Found DL: TRUE  
[27.354s] -- Found tinyobjloader: /usr/lib/x86_64-linux-gnu/cmake/tinyobjloader/tinyobjloader-config.cmake (found version "2.0.0") 
[27.355s] -- Searching for <ignition-common3> component [graphics]
[27.356s] -- Looking for ignition-common3-graphics -- found version 3.14.0
[27.356s] -- Searching for dependencies of ignition-common3-graphics
[27.357s] -- Looking for ignition-math6 -- found version 6.15.1
[27.359s] -- Looking for ignition-fuel_tools4 -- found version 4.4.0
[27.359s] -- Searching for dependencies of ignition-fuel_tools4
[28.704s] -- Found CURL: /usr/lib/x86_64-linux-gnu/libcurl.so (found version "7.81.0")  
[28.709s] -- Checking for module 'jsoncpp'
[28.716s] --   Found jsoncpp, version 1.9.5
[28.733s] -- Found JSONCPP: TRUE  
[28.736s] -- Checking for module 'libzip'
[28.743s] --   Found libzip, version 1.7.3
[28.759s] -- Found ZIP: TRUE  
[28.759s] -- Looking for ignition-common3 -- found version 3.14.0
[28.759s] -- Looking for ignition-math6 -- found version 6.15.1
[28.760s] -- Looking for ignition-msgs5 -- found version 5.8.1
[28.762s] -- Gazebo version: 11.10
[28.762s] -- Checking for module 'tbb'
[28.769s] --   Found tbb, version 2021.5.0
[28.792s] -- Found robot_state_publisher: 3.0.3 (/opt/ros/humble/share/robot_state_publisher/cmake)
[28.877s] -- Found eigen3_cmake_module: 0.1.1 (/opt/ros/humble/share/eigen3_cmake_module/cmake)
[28.878s] -- Found Eigen3: TRUE (found version "3.4.0") 
[28.878s] -- Ensuring Eigen3 include directory is part of orocos-kdl CMake target
[29.283s] -- Configuring done
[29.289s] -- Generating done
[29.291s] -- Build files have been written to: /home/armaanrasheed/robot-dog/build/robot_description
[29.301s] Invoked command in '/home/armaanrasheed/robot-dog/build/robot_description' returned '0': CMAKE_PREFIX_PATH=${CMAKE_PREFIX_PATH}:/opt/ros/humble /usr/bin/cmake /home/armaanrasheed/robot-dog/robot_ws/src/robot_description -DCMAKE_INSTALL_PREFIX=/home/armaanrasheed/robot-dog/install/robot_description
[29.303s] Invoking command in '/home/armaanrasheed/robot-dog/build/robot_description': CMAKE_PREFIX_PATH=${CMAKE_PREFIX_PATH}:/opt/ros/humble /usr/bin/cmake --build /home/armaanrasheed/robot-dog/build/robot_description -- -j16 -l16
[29.327s] Invoked command in '/home/armaanrasheed/robot-dog/build/robot_description' returned '0': CMAKE_PREFIX_PATH=${CMAKE_PREFIX_PATH}:/opt/ros/humble /usr/bin/cmake --build /home/armaanrasheed/robot-dog/build/robot_description -- -j16 -l16
[29.346s] Invoking command in '/home/armaanrasheed/robot-dog/build/robot_description': CMAKE_PREFIX_PATH=${CMAKE_PREFIX_PATH}:/opt/ros/humble /usr/bin/cmake --install /home/armaanrasheed/robot-dog/build/robot_description
[29.350s] -- Install configuration: ""
[29.350s] -- Installing: /home/armaanrasheed/robot-dog/install/robot_description/share/robot_description/meshes
[29.350s] -- Installing: /home/armaanrasheed/robot-dog/install/robot_description/share/robot_description/meshes/Left_Link_v4_2.stl
[29.351s] -- Installing: /home/armaanrasheed/robot-dog/install/robot_description/share/robot_description/meshes/Servo_Horn_v3_8.stl
[29.358s] -- Installing: /home/armaanrasheed/robot-dog/install/robot_description/share/robot_description/meshes/Component1_Mirror___5__2.stl
[29.363s] -- Installing: /home/armaanrasheed/robot-dog/install/robot_description/share/robot_description/meshes/Servo_Horn_v3_1.stl
[29.369s] -- Installing: /home/armaanrasheed/robot-dog/install/robot_description/share/robot_description/meshes/Left_Link_v4_1.stl
[29.370s] -- Installing: /home/armaanrasheed/robot-dog/install/robot_description/share/robot_description/meshes/Servo_Horn_v3_3.stl
[29.374s] -- Installing: /home/armaanrasheed/robot-dog/install/robot_description/share/robot_description/meshes/Component1_Mirror___4__2.stl
[29.376s] -- Installing: /home/armaanrasheed/robot-dog/install/robot_description/share/robot_description/meshes/Servo_Horn_v3_5.stl
[29.379s] -- Installing: /home/armaanrasheed/robot-dog/install/robot_description/share/robot_description/meshes/Foot_v3_1.stl
[29.384s] -- Installing: /home/armaanrasheed/robot-dog/install/robot_description/share/robot_description/meshes/Right_Back_Leg_Mount_v1_1.stl
[29.435s] -- Installing: /home/armaanrasheed/robot-dog/install/robot_description/share/robot_description/meshes/Foot_v3_2.stl
[29.437s] -- Installing: /home/armaanrasheed/robot-dog/install/robot_description/share/robot_description/meshes/Right_Front_Leg_Mount_v1_1.stl
[29.488s] -- Installing: /home/armaanrasheed/robot-dog/install/robot_description/share/robot_description/meshes/base_link.stl
[29.608s] -- Installing: /home/armaanrasheed/robot-dog/install/robot_description/share/robot_description/meshes/Left_Front_Leg_Mount_v1_1.stl
[29.661s] -- Installing: /home/armaanrasheed/robot-dog/install/robot_description/share/robot_description/meshes/Left_Back_Leg_Mount_v1_1.stl
[29.712s] -- Installing: /home/armaanrasheed/robot-dog/install/robot_description/share/robot_description/meshes/Component1_Mirror___4__1.stl
[29.713s] -- Installing: /home/armaanrasheed/robot-dog/install/robot_description/share/robot_description/meshes/Servo_Horn_v3_4.stl
[29.716s] -- Installing: /home/armaanrasheed/robot-dog/install/robot_description/share/robot_description/meshes/Servo_Horn_v3_7.stl
[29.721s] -- Installing: /home/armaanrasheed/robot-dog/install/robot_description/share/robot_description/meshes/Component1_Mirror___5__1.stl
[29.725s] -- Installing: /home/armaanrasheed/robot-dog/install/robot_description/share/robot_description/meshes/Servo_Horn_v3_6.stl
[29.730s] -- Installing: /home/armaanrasheed/robot-dog/install/robot_description/share/robot_description/meshes/Servo_Horn_v3_2.stl
[29.736s] -- Installing: /home/armaanrasheed/robot-dog/install/robot_description/share/robot_description/urdf
[29.737s] -- Installing: /home/armaanrasheed/robot-dog/install/robot_description/share/robot_description/urdf/assem.xacro
[29.737s] -- Installing: /home/armaanrasheed/robot-dog/install/robot_description/share/robot_description/urdf/materials.xacro
[29.737s] -- Installing: /home/armaanrasheed/robot-dog/install/robot_description/share/robot_description/urdf/assem.trans
[29.738s] -- Installing: /home/armaanrasheed/robot-dog/install/robot_description/share/robot_description/launch
[29.738s] -- Installing: /home/armaanrasheed/robot-dog/install/robot_description/share/robot_description/launch/gazebo.launch.py
[29.738s] -- Installing: /home/armaanrasheed/robot-dog/install/robot_description/share/robot_description/launch/master.launch.py
[29.738s] -- Installing: /home/armaanrasheed/robot-dog/install/robot_description/share/robot_description/launch/view_robot.launch.py
[29.738s] -- Installing: /home/armaanrasheed/robot-dog/install/robot_description/share/robot_description/launch/__pycache__
[29.738s] -- Installing: /home/armaanrasheed/robot-dog/install/robot_description/share/robot_description/launch/__pycache__/robot_description.launch.cpython-310.pyc
[29.738s] -- Installing: /home/armaanrasheed/robot-dog/install/robot_description/share/ament_index/resource_index/package_run_dependencies/robot_description
[29.739s] -- Installing: /home/armaanrasheed/robot-dog/install/robot_description/share/ament_index/resource_index/parent_prefix_path/robot_description
[29.739s] -- Installing: /home/armaanrasheed/robot-dog/install/robot_description/share/robot_description/environment/ament_prefix_path.sh
[29.740s] -- Installing: /home/armaanrasheed/robot-dog/install/robot_description/share/robot_description/environment/ament_prefix_path.dsv
[29.740s] -- Installing: /home/armaanrasheed/robot-dog/install/robot_description/share/robot_description/environment/path.sh
[29.740s] -- Installing: /home/armaanrasheed/robot-dog/install/robot_description/share/robot_description/environment/path.dsv
[29.741s] -- Installing: /home/armaanrasheed/robot-dog/install/robot_description/share/robot_description/local_setup.bash
[29.741s] -- Installing: /home/armaanrasheed/robot-dog/install/robot_description/share/robot_description/local_setup.sh
[29.741s] -- Installing: /home/armaanrasheed/robot-dog/install/robot_description/share/robot_description/local_setup.zsh
[29.741s] -- Installing: /home/armaanrasheed/robot-dog/install/robot_description/share/robot_description/local_setup.dsv
[29.741s] -- Installing: /home/armaanrasheed/robot-dog/install/robot_description/share/robot_description/package.dsv
[29.741s] -- Installing: /home/armaanrasheed/robot-dog/install/robot_description/share/ament_index/resource_index/packages/robot_description
[29.741s] -- Installing: /home/armaanrasheed/robot-dog/install/robot_description/share/robot_description/cmake/robot_descriptionConfig.cmake
[29.741s] -- Installing: /home/armaanrasheed/robot-dog/install/robot_description/share/robot_description/cmake/robot_descriptionConfig-version.cmake
[29.741s] -- Installing: /home/armaanrasheed/robot-dog/install/robot_description/share/robot_description/package.xml
[29.743s] Invoked command in '/home/armaanrasheed/robot-dog/build/robot_description' returned '0': CMAKE_PREFIX_PATH=${CMAKE_PREFIX_PATH}:/opt/ros/humble /usr/bin/cmake --install /home/armaanrasheed/robot-dog/build/robot_description
