-- Found ament_cmake: 1.3.9 (/opt/ros/humble/share/ament_cmake/cmake)
-- Override CMake install command with custom implementation using symlinks instead of copying resources
-- Found urdf: 2.6.0 (/opt/ros/humble/share/urdf/cmake)
-- Found xacro: 2.0.8 (/opt/ros/humble/share/xacro/cmake)
-- Found gazebo_ros: 3.7.0 (/opt/ros/humble/share/gazebo_ros/cmake)
-- Found rosidl_generator_c: 3.1.5 (/opt/ros/humble/share/rosidl_generator_c/cmake)
-- Found rosidl_adapter: 3.1.5 (/opt/ros/humble/share/rosidl_adapter/cmake)
-- Found rosidl_generator_cpp: 3.1.5 (/opt/ros/humble/share/rosidl_generator_cpp/cmake)
-- Using all available rosidl_typesupport_c: rosidl_typesupport_fastrtps_c;rosidl_typesupport_introspection_c
-- Using all available rosidl_typesupport_cpp: rosidl_typesupport_fastrtps_cpp;rosidl_typesupport_introspection_cpp
-- Found rmw_implementation_cmake: 6.1.2 (/opt/ros/humble/share/rmw_implementation_cmake/cmake)
-- Found rmw_fastrtps_cpp: 6.2.6 (/opt/ros/humble/share/rmw_fastrtps_cpp/cmake)
-- Found TinyXML2 via Config file: TinyXML2_DIR-NOTFOUND
-- Found TinyXML2 via Config file: TinyXML2_DIR-NOTFOUND
-- Found TinyXML2 via Config file: TinyXML2_DIR-NOTFOUND
-- Found TinyXML2 via Config file: TinyXML2_DIR-NOTFOUND
-- Using RMW implementation 'rmw_fastrtps_cpp' as default
-- Found DART: /usr/include (Required is at least version "6.6") found components: dart 
-- Found Protobuf: /usr/lib/x86_64-linux-gnu/libprotobuf.so (found version "3.12.4") 
-- Looking for ignition-math6 -- found version 6.15.1
-- Searching for dependencies of ignition-math6
-- Looking for OGRE...
-- Found Ogre Ghadamon (1.9.0)
-- Found OGRE: optimized;/usr/lib/x86_64-linux-gnu/libOgreMain.so;debug;/usr/lib/x86_64-linux-gnu/libOgreMain.so
-- Looking for OGRE_Paging...
-- Found OGRE_Paging: optimized;/usr/lib/x86_64-linux-gnu/libOgrePaging.so;debug;/usr/lib/x86_64-linux-gnu/libOgrePaging.so
-- Looking for OGRE_Terrain...
-- Found OGRE_Terrain: optimized;/usr/lib/x86_64-linux-gnu/libOgreTerrain.so;debug;/usr/lib/x86_64-linux-gnu/libOgreTerrain.so
-- Looking for OGRE_Property...
-- Found OGRE_Property: optimized;/usr/lib/x86_64-linux-gnu/libOgreProperty.so;debug;/usr/lib/x86_64-linux-gnu/libOgreProperty.so
-- Looking for OGRE_RTShaderSystem...
-- Found OGRE_RTShaderSystem: optimized;/usr/lib/x86_64-linux-gnu/libOgreRTShaderSystem.so;debug;/usr/lib/x86_64-linux-gnu/libOgreRTShaderSystem.so
-- Looking for OGRE_Volume...
-- Found OGRE_Volume: optimized;/usr/lib/x86_64-linux-gnu/libOgreVolume.so;debug;/usr/lib/x86_64-linux-gnu/libOgreVolume.so
-- Looking for OGRE_Overlay...
-- Found OGRE_Overlay: optimized;/usr/lib/x86_64-linux-gnu/libOgreOverlay.so;debug;/usr/lib/x86_64-linux-gnu/libOgreOverlay.so
-- Looking for ignition-math6 -- found version 6.15.1
-- Looking for ignition-transport8 -- found version 8.2.1
-- Searching for dependencies of ignition-transport8
-- Found Protobuf: /usr/lib/x86_64-linux-gnu/libprotobuf.so (found suitable version "3.12.4", minimum required is "3") 
-- Config-file not installed for ZeroMQ -- checking for pkg-config
-- Checking for module 'libzmq >= 4'
--   Found libzmq , version 4.3.4
-- Checking for module 'uuid'
--   Found uuid, version 2.37.2
-- Looking for ignition-msgs5 -- found version 5.8.1
-- Searching for dependencies of ignition-msgs5
-- Looking for ignition-math6 -- found version 6.15.1
-- Looking for ignition-msgs5 -- found version 5.8.1
-- Looking for ignition-common3 -- found version 3.14.0
-- Searching for dependencies of ignition-common3
-- Looking for dlfcn.h - found
-- Looking for libdl - found
-- Searching for <ignition-common3> component [graphics]
-- Looking for ignition-common3-graphics -- found version 3.14.0
-- Searching for dependencies of ignition-common3-graphics
-- Looking for ignition-math6 -- found version 6.15.1
-- Looking for ignition-fuel_tools4 -- found version 4.4.0
-- Searching for dependencies of ignition-fuel_tools4
-- Checking for module 'jsoncpp'
--   Found jsoncpp, version 1.9.5
-- Checking for module 'libzip'
--   Found libzip, version 1.7.3
-- Looking for ignition-common3 -- found version 3.14.0
-- Looking for ignition-math6 -- found version 6.15.1
-- Looking for ignition-msgs5 -- found version 5.8.1
-- Gazebo version: 11.10
-- Found robot_state_publisher: 3.0.3 (/opt/ros/humble/share/robot_state_publisher/cmake)
-- Found eigen3_cmake_module: 0.1.1 (/opt/ros/humble/share/eigen3_cmake_module/cmake)
-- Ensuring Eigen3 include directory is part of orocos-kdl CMake target
-- Configuring done
-- Generating done
-- Build files have been written to: /home/armaanrasheed/robot-dog/build/robot_description
-- Install configuration: ""
-- Execute custom install script
-- Up-to-date symlink: /home/armaanrasheed/robot-dog/install/robot_description/share/robot_description/meshes/Component1_Mirror___4__1.stl
-- Up-to-date symlink: /home/armaanrasheed/robot-dog/install/robot_description/share/robot_description/meshes/Component1_Mirror___4__2.stl
-- Up-to-date symlink: /home/armaanrasheed/robot-dog/install/robot_description/share/robot_description/meshes/Component1_Mirror___5__1.stl
-- Up-to-date symlink: /home/armaanrasheed/robot-dog/install/robot_description/share/robot_description/meshes/Component1_Mirror___5__2.stl
-- Up-to-date symlink: /home/armaanrasheed/robot-dog/install/robot_description/share/robot_description/meshes/Foot_v3_1.stl
-- Up-to-date symlink: /home/armaanrasheed/robot-dog/install/robot_description/share/robot_description/meshes/Foot_v3_2.stl
-- Up-to-date symlink: /home/armaanrasheed/robot-dog/install/robot_description/share/robot_description/meshes/Left_Back_Leg_Mount_v1_1.stl
-- Up-to-date symlink: /home/armaanrasheed/robot-dog/install/robot_description/share/robot_description/meshes/Left_Front_Leg_Mount_v1_1.stl
-- Up-to-date symlink: /home/armaanrasheed/robot-dog/install/robot_description/share/robot_description/meshes/Left_Link_v4_1.stl
-- Up-to-date symlink: /home/armaanrasheed/robot-dog/install/robot_description/share/robot_description/meshes/Left_Link_v4_2.stl
-- Up-to-date symlink: /home/armaanrasheed/robot-dog/install/robot_description/share/robot_description/meshes/Right_Back_Leg_Mount_v1_1.stl
-- Up-to-date symlink: /home/armaanrasheed/robot-dog/install/robot_description/share/robot_description/meshes/Right_Front_Leg_Mount_v1_1.stl
-- Up-to-date symlink: /home/armaanrasheed/robot-dog/install/robot_description/share/robot_description/meshes/Servo_Horn_v3_1.stl
-- Up-to-date symlink: /home/armaanrasheed/robot-dog/install/robot_description/share/robot_description/meshes/Servo_Horn_v3_2.stl
-- Up-to-date symlink: /home/armaanrasheed/robot-dog/install/robot_description/share/robot_description/meshes/Servo_Horn_v3_3.stl
-- Up-to-date symlink: /home/armaanrasheed/robot-dog/install/robot_description/share/robot_description/meshes/Servo_Horn_v3_4.stl
-- Up-to-date symlink: /home/armaanrasheed/robot-dog/install/robot_description/share/robot_description/meshes/Servo_Horn_v3_5.stl
-- Up-to-date symlink: /home/armaanrasheed/robot-dog/install/robot_description/share/robot_description/meshes/Servo_Horn_v3_6.stl
-- Up-to-date symlink: /home/armaanrasheed/robot-dog/install/robot_description/share/robot_description/meshes/Servo_Horn_v3_7.stl
-- Up-to-date symlink: /home/armaanrasheed/robot-dog/install/robot_description/share/robot_description/meshes/Servo_Horn_v3_8.stl
-- Up-to-date symlink: /home/armaanrasheed/robot-dog/install/robot_description/share/robot_description/meshes/base_link.stl
-- Up-to-date symlink: /home/armaanrasheed/robot-dog/install/robot_description/share/robot_description/urdf/assem.trans
-- Up-to-date symlink: /home/armaanrasheed/robot-dog/install/robot_description/share/robot_description/urdf/assem.xacro
-- Up-to-date symlink: /home/armaanrasheed/robot-dog/install/robot_description/share/robot_description/urdf/materials.xacro
-- Up-to-date symlink: /home/armaanrasheed/robot-dog/install/robot_description/share/robot_description/launch/__pycache__/robot_description.launch.cpython-310.pyc
-- Up-to-date symlink: /home/armaanrasheed/robot-dog/install/robot_description/share/robot_description/launch/gazebo.launch.py
-- Up-to-date symlink: /home/armaanrasheed/robot-dog/install/robot_description/share/robot_description/launch/master.launch.py
-- Up-to-date symlink: /home/armaanrasheed/robot-dog/install/robot_description/share/robot_description/launch/view_robot.launch.py
-- Up-to-date symlink: /home/armaanrasheed/robot-dog/install/robot_description/share/ament_index/resource_index/package_run_dependencies/robot_description
-- Up-to-date symlink: /home/armaanrasheed/robot-dog/install/robot_description/share/ament_index/resource_index/parent_prefix_path/robot_description
-- Up-to-date symlink: /home/armaanrasheed/robot-dog/install/robot_description/share/robot_description/environment/ament_prefix_path.sh
-- Up-to-date symlink: /home/armaanrasheed/robot-dog/install/robot_description/share/robot_description/environment/ament_prefix_path.dsv
-- Up-to-date symlink: /home/armaanrasheed/robot-dog/install/robot_description/share/robot_description/environment/path.sh
-- Up-to-date symlink: /home/armaanrasheed/robot-dog/install/robot_description/share/robot_description/environment/path.dsv
-- Up-to-date symlink: /home/armaanrasheed/robot-dog/install/robot_description/share/robot_description/local_setup.bash
-- Up-to-date symlink: /home/armaanrasheed/robot-dog/install/robot_description/share/robot_description/local_setup.sh
-- Up-to-date symlink: /home/armaanrasheed/robot-dog/install/robot_description/share/robot_description/local_setup.zsh
-- Up-to-date symlink: /home/armaanrasheed/robot-dog/install/robot_description/share/robot_description/local_setup.dsv
-- Symlinking: /home/armaanrasheed/robot-dog/install/robot_description/share/robot_description/package.dsv
-- Up-to-date symlink: /home/armaanrasheed/robot-dog/install/robot_description/share/ament_index/resource_index/packages/robot_description
-- Up-to-date symlink: /home/armaanrasheed/robot-dog/install/robot_description/share/robot_description/cmake/robot_descriptionConfig.cmake
-- Up-to-date symlink: /home/armaanrasheed/robot-dog/install/robot_description/share/robot_description/cmake/robot_descriptionConfig-version.cmake
-- Up-to-date symlink: /home/armaanrasheed/robot-dog/install/robot_description/share/robot_description/package.xml
