[0.162s] DEBUG:colcon:Command line arguments: ['/usr/bin/colcon', 'build']
[0.162s] DEBUG:colcon:Parsed command line arguments: Namespace(log_base=None, log_level=None, verb_name='build', build_base='build', install_base='install', merge_install=False, symlink_install=False, test_result_base=None, continue_on_error=False, executor='parallel', parallel_workers=16, event_handlers=None, ignore_user_meta=False, metas=['./colcon.meta'], base_paths=['.'], packages_ignore=None, packages_ignore_regex=None, paths=None, packages_up_to=None, packages_up_to_regex=None, packages_above=None, packages_above_and_dependencies=None, packages_above_depth=None, packages_select_by_dep=None, packages_skip_by_dep=None, packages_skip_up_to=None, packages_select_build_failed=False, packages_skip_build_finished=False, packages_select_test_failures=False, packages_skip_test_passed=False, packages_select=None, packages_skip=None, packages_select_regex=None, packages_skip_regex=None, packages_start=None, packages_end=None, allow_overriding=[], cmake_args=None, cmake_target=None, cmake_target_skip_unavailable=False, cmake_clean_cache=False, cmake_clean_first=False, cmake_force_configure=False, ament_cmake_args=None, catkin_cmake_args=None, catkin_skip_building_tests=False, verb_parser=<colcon_defaults.argument_parser.defaults.DefaultArgumentsDecorator object at 0x7f2b6e1bb0d0>, verb_extension=<colcon_core.verb.build.BuildVerb object at 0x7f2b6e1baa10>, main=<bound method BuildVerb.main of <colcon_core.verb.build.BuildVerb object at 0x7f2b6e1baa10>>)
[0.283s] Level 1:colcon.colcon_core.package_discovery:discover_packages(colcon_meta) check parameters
[0.283s] Level 1:colcon.colcon_core.package_discovery:discover_packages(recursive) check parameters
[0.283s] Level 1:colcon.colcon_core.package_discovery:discover_packages(ignore) check parameters
[0.283s] Level 1:colcon.colcon_core.package_discovery:discover_packages(path) check parameters
[0.283s] Level 1:colcon.colcon_core.package_discovery:discover_packages(colcon_meta) discover
[0.283s] Level 1:colcon.colcon_core.package_discovery:discover_packages(recursive) discover
[0.283s] INFO:colcon.colcon_core.package_discovery:Crawling recursively for packages in '/home/armaanrasheed/robot-dog/robot_ws'
[0.283s] Level 1:colcon.colcon_core.package_identification:_identify(.) by extensions ['ignore', 'ignore_ament_install']
[0.284s] Level 1:colcon.colcon_core.package_identification:_identify(.) by extension 'ignore'
[0.284s] Level 1:colcon.colcon_core.package_identification:_identify(.) by extension 'ignore_ament_install'
[0.284s] Level 1:colcon.colcon_core.package_identification:_identify(.) by extensions ['colcon_pkg']
[0.284s] Level 1:colcon.colcon_core.package_identification:_identify(.) by extension 'colcon_pkg'
[0.284s] Level 1:colcon.colcon_core.package_identification:_identify(.) by extensions ['colcon_meta']
[0.284s] Level 1:colcon.colcon_core.package_identification:_identify(.) by extension 'colcon_meta'
[0.284s] Level 1:colcon.colcon_core.package_identification:_identify(.) by extensions ['ros']
[0.284s] Level 1:colcon.colcon_core.package_identification:_identify(.) by extension 'ros'
[0.293s] Level 1:colcon.colcon_core.package_identification:_identify(.) by extensions ['cmake', 'python']
[0.293s] Level 1:colcon.colcon_core.package_identification:_identify(.) by extension 'cmake'
[0.293s] Level 1:colcon.colcon_core.package_identification:_identify(.) by extension 'python'
[0.293s] Level 1:colcon.colcon_core.package_identification:_identify(.) by extensions ['python_setup_py']
[0.293s] Level 1:colcon.colcon_core.package_identification:_identify(.) by extension 'python_setup_py'
[0.293s] Level 1:colcon.colcon_core.package_identification:_identify(build) by extensions ['ignore', 'ignore_ament_install']
[0.293s] Level 1:colcon.colcon_core.package_identification:_identify(build) by extension 'ignore'
[0.293s] Level 1:colcon.colcon_core.package_identification:_identify(build) ignored
[0.293s] Level 1:colcon.colcon_core.package_identification:_identify(install) by extensions ['ignore', 'ignore_ament_install']
[0.293s] Level 1:colcon.colcon_core.package_identification:_identify(install) by extension 'ignore'
[0.293s] Level 1:colcon.colcon_core.package_identification:_identify(install) ignored
[0.293s] Level 1:colcon.colcon_core.package_identification:_identify(log) by extensions ['ignore', 'ignore_ament_install']
[0.294s] Level 1:colcon.colcon_core.package_identification:_identify(log) by extension 'ignore'
[0.294s] Level 1:colcon.colcon_core.package_identification:_identify(log) ignored
[0.294s] Level 1:colcon.colcon_core.package_identification:_identify(src) by extensions ['ignore', 'ignore_ament_install']
[0.294s] Level 1:colcon.colcon_core.package_identification:_identify(src) by extension 'ignore'
[0.294s] Level 1:colcon.colcon_core.package_identification:_identify(src) by extension 'ignore_ament_install'
[0.294s] Level 1:colcon.colcon_core.package_identification:_identify(src) by extensions ['colcon_pkg']
[0.294s] Level 1:colcon.colcon_core.package_identification:_identify(src) by extension 'colcon_pkg'
[0.294s] Level 1:colcon.colcon_core.package_identification:_identify(src) by extensions ['colcon_meta']
[0.294s] Level 1:colcon.colcon_core.package_identification:_identify(src) by extension 'colcon_meta'
[0.294s] Level 1:colcon.colcon_core.package_identification:_identify(src) by extensions ['ros']
[0.294s] Level 1:colcon.colcon_core.package_identification:_identify(src) by extension 'ros'
[0.294s] Level 1:colcon.colcon_core.package_identification:_identify(src) by extensions ['cmake', 'python']
[0.294s] Level 1:colcon.colcon_core.package_identification:_identify(src) by extension 'cmake'
[0.294s] Level 1:colcon.colcon_core.package_identification:_identify(src) by extension 'python'
[0.294s] Level 1:colcon.colcon_core.package_identification:_identify(src) by extensions ['python_setup_py']
[0.294s] Level 1:colcon.colcon_core.package_identification:_identify(src) by extension 'python_setup_py'
[0.294s] Level 1:colcon.colcon_core.package_identification:_identify(src/robot_description) by extensions ['ignore', 'ignore_ament_install']
[0.294s] Level 1:colcon.colcon_core.package_identification:_identify(src/robot_description) by extension 'ignore'
[0.294s] Level 1:colcon.colcon_core.package_identification:_identify(src/robot_description) by extension 'ignore_ament_install'
[0.294s] Level 1:colcon.colcon_core.package_identification:_identify(src/robot_description) by extensions ['colcon_pkg']
[0.294s] Level 1:colcon.colcon_core.package_identification:_identify(src/robot_description) by extension 'colcon_pkg'
[0.294s] Level 1:colcon.colcon_core.package_identification:_identify(src/robot_description) by extensions ['colcon_meta']
[0.294s] Level 1:colcon.colcon_core.package_identification:_identify(src/robot_description) by extension 'colcon_meta'
[0.294s] Level 1:colcon.colcon_core.package_identification:_identify(src/robot_description) by extensions ['ros']
[0.294s] Level 1:colcon.colcon_core.package_identification:_identify(src/robot_description) by extension 'ros'
[0.296s] DEBUG:colcon.colcon_core.package_identification:Package 'src/robot_description' with type 'ros.ament_cmake' and name 'robot_description'
[0.296s] Level 1:colcon.colcon_core.package_discovery:discover_packages(recursive) using defaults
[0.296s] Level 1:colcon.colcon_core.package_discovery:discover_packages(ignore) discover
[0.296s] Level 1:colcon.colcon_core.package_discovery:discover_packages(ignore) using defaults
[0.296s] Level 1:colcon.colcon_core.package_discovery:discover_packages(path) discover
[0.296s] Level 1:colcon.colcon_core.package_discovery:discover_packages(path) using defaults
[0.312s] Level 1:colcon.colcon_core.package_discovery:discover_packages(prefix_path) check parameters
[0.312s] Level 1:colcon.colcon_core.package_discovery:discover_packages(prefix_path) discover
[0.313s] DEBUG:colcon.colcon_installed_package_information.package_discovery:Found 1 installed packages in /home/armaanrasheed/robot-dog/install
[0.314s] DEBUG:colcon.colcon_installed_package_information.package_discovery:Found 294 installed packages in /opt/ros/humble
[0.315s] Level 1:colcon.colcon_core.package_discovery:discover_packages(prefix_path) using defaults
[0.354s] Level 5:colcon.colcon_core.verb:set package 'robot_description' build argument 'cmake_args' from command line to 'None'
[0.354s] Level 5:colcon.colcon_core.verb:set package 'robot_description' build argument 'cmake_target' from command line to 'None'
[0.354s] Level 5:colcon.colcon_core.verb:set package 'robot_description' build argument 'cmake_target_skip_unavailable' from command line to 'False'
[0.354s] Level 5:colcon.colcon_core.verb:set package 'robot_description' build argument 'cmake_clean_cache' from command line to 'False'
[0.354s] Level 5:colcon.colcon_core.verb:set package 'robot_description' build argument 'cmake_clean_first' from command line to 'False'
[0.354s] Level 5:colcon.colcon_core.verb:set package 'robot_description' build argument 'cmake_force_configure' from command line to 'False'
[0.354s] Level 5:colcon.colcon_core.verb:set package 'robot_description' build argument 'ament_cmake_args' from command line to 'None'
[0.354s] Level 5:colcon.colcon_core.verb:set package 'robot_description' build argument 'catkin_cmake_args' from command line to 'None'
[0.354s] Level 5:colcon.colcon_core.verb:set package 'robot_description' build argument 'catkin_skip_building_tests' from command line to 'False'
[0.354s] DEBUG:colcon.colcon_core.verb:Building package 'robot_description' with the following arguments: {'ament_cmake_args': None, 'build_base': '/home/armaanrasheed/robot-dog/robot_ws/build/robot_description', 'catkin_cmake_args': None, 'catkin_skip_building_tests': False, 'cmake_args': None, 'cmake_clean_cache': False, 'cmake_clean_first': False, 'cmake_force_configure': False, 'cmake_target': None, 'cmake_target_skip_unavailable': False, 'install_base': '/home/armaanrasheed/robot-dog/robot_ws/install/robot_description', 'merge_install': False, 'path': '/home/armaanrasheed/robot-dog/robot_ws/src/robot_description', 'symlink_install': False, 'test_result_base': None}
[0.354s] INFO:colcon.colcon_core.executor:Executing jobs using 'parallel' executor
[0.356s] DEBUG:colcon.colcon_parallel_executor.executor.parallel:run_until_complete
[0.356s] INFO:colcon.colcon_ros.task.ament_cmake.build:Building ROS package in '/home/armaanrasheed/robot-dog/robot_ws/src/robot_description' with build type 'ament_cmake'
[0.356s] INFO:colcon.colcon_cmake.task.cmake.build:Building CMake package in '/home/armaanrasheed/robot-dog/robot_ws/src/robot_description'
[0.357s] INFO:colcon.colcon_core.plugin_system:Skipping extension 'colcon_core.shell.bat': Not used on non-Windows systems
[0.358s] INFO:colcon.colcon_core.shell:Skip shell extension 'powershell' for command environment: Not usable outside of PowerShell
[0.358s] DEBUG:colcon.colcon_core.shell:Skip shell extension 'dsv' for command environment
[0.366s] DEBUG:colcon.colcon_core.event_handler.log_command:Invoking command in '/home/armaanrasheed/robot-dog/robot_ws/build/robot_description': CMAKE_PREFIX_PATH=${CMAKE_PREFIX_PATH}:/opt/ros/humble /usr/bin/cmake /home/armaanrasheed/robot-dog/robot_ws/src/robot_description -DCMAKE_INSTALL_PREFIX=/home/armaanrasheed/robot-dog/robot_ws/install/robot_description
[33.631s] DEBUG:colcon.colcon_core.event_handler.log_command:Invoked command in '/home/armaanrasheed/robot-dog/robot_ws/build/robot_description' returned '0': CMAKE_PREFIX_PATH=${CMAKE_PREFIX_PATH}:/opt/ros/humble /usr/bin/cmake /home/armaanrasheed/robot-dog/robot_ws/src/robot_description -DCMAKE_INSTALL_PREFIX=/home/armaanrasheed/robot-dog/robot_ws/install/robot_description
[33.631s] DEBUG:colcon.colcon_core.event_handler.log_command:Invoking command in '/home/armaanrasheed/robot-dog/robot_ws/build/robot_description': CMAKE_PREFIX_PATH=${CMAKE_PREFIX_PATH}:/opt/ros/humble /usr/bin/cmake --build /home/armaanrasheed/robot-dog/robot_ws/build/robot_description -- -j16 -l16
[33.659s] DEBUG:colcon.colcon_core.event_handler.log_command:Invoked command in '/home/armaanrasheed/robot-dog/robot_ws/build/robot_description' returned '0': CMAKE_PREFIX_PATH=${CMAKE_PREFIX_PATH}:/opt/ros/humble /usr/bin/cmake --build /home/armaanrasheed/robot-dog/robot_ws/build/robot_description -- -j16 -l16
[33.683s] DEBUG:colcon.colcon_core.event_handler.log_command:Invoking command in '/home/armaanrasheed/robot-dog/robot_ws/build/robot_description': CMAKE_PREFIX_PATH=${CMAKE_PREFIX_PATH}:/opt/ros/humble /usr/bin/cmake --install /home/armaanrasheed/robot-dog/robot_ws/build/robot_description
[33.762s] Level 1:colcon.colcon_core.environment:create_environment_scripts_only(robot_description)
[33.763s] DEBUG:colcon.colcon_core.event_handler.log_command:Invoked command in '/home/armaanrasheed/robot-dog/robot_ws/build/robot_description' returned '0': CMAKE_PREFIX_PATH=${CMAKE_PREFIX_PATH}:/opt/ros/humble /usr/bin/cmake --install /home/armaanrasheed/robot-dog/robot_ws/build/robot_description
[33.764s] Level 1:colcon.colcon_core.environment:checking '/home/armaanrasheed/robot-dog/robot_ws/install/robot_description' for CMake module files
[33.764s] Level 1:colcon.colcon_core.environment:checking '/home/armaanrasheed/robot-dog/robot_ws/install/robot_description' for CMake config files
[33.764s] Level 1:colcon.colcon_core.shell:create_environment_hook('robot_description', 'cmake_prefix_path')
[33.765s] INFO:colcon.colcon_core.shell:Creating environment hook '/home/armaanrasheed/robot-dog/robot_ws/install/robot_description/share/robot_description/hook/cmake_prefix_path.ps1'
[33.765s] INFO:colcon.colcon_core.shell:Creating environment descriptor '/home/armaanrasheed/robot-dog/robot_ws/install/robot_description/share/robot_description/hook/cmake_prefix_path.dsv'
[33.766s] INFO:colcon.colcon_core.shell:Creating environment hook '/home/armaanrasheed/robot-dog/robot_ws/install/robot_description/share/robot_description/hook/cmake_prefix_path.sh'
[33.766s] Level 1:colcon.colcon_core.environment:checking '/home/armaanrasheed/robot-dog/robot_ws/install/robot_description/bin'
[33.766s] Level 1:colcon.colcon_core.environment:checking '/home/armaanrasheed/robot-dog/robot_ws/install/robot_description/lib/pkgconfig/robot_description.pc'
[33.767s] Level 1:colcon.colcon_core.environment:checking '/home/armaanrasheed/robot-dog/robot_ws/install/robot_description/lib/python3.10/site-packages'
[33.767s] Level 1:colcon.colcon_core.environment:checking '/home/armaanrasheed/robot-dog/robot_ws/install/robot_description/bin'
[33.767s] INFO:colcon.colcon_core.shell:Creating package script '/home/armaanrasheed/robot-dog/robot_ws/install/robot_description/share/robot_description/package.ps1'
[33.768s] INFO:colcon.colcon_core.shell:Creating package descriptor '/home/armaanrasheed/robot-dog/robot_ws/install/robot_description/share/robot_description/package.dsv'
[33.768s] INFO:colcon.colcon_core.shell:Creating package script '/home/armaanrasheed/robot-dog/robot_ws/install/robot_description/share/robot_description/package.sh'
[33.769s] INFO:colcon.colcon_core.shell:Creating package script '/home/armaanrasheed/robot-dog/robot_ws/install/robot_description/share/robot_description/package.bash'
[33.769s] INFO:colcon.colcon_core.shell:Creating package script '/home/armaanrasheed/robot-dog/robot_ws/install/robot_description/share/robot_description/package.zsh'
[33.770s] Level 1:colcon.colcon_core.environment:create_file_with_runtime_dependencies(/home/armaanrasheed/robot-dog/robot_ws/install/robot_description/share/colcon-core/packages/robot_description)
[33.786s] Level 1:colcon.colcon_core.environment:create_environment_scripts_only(robot_description)
[33.787s] Level 1:colcon.colcon_core.environment:checking '/home/armaanrasheed/robot-dog/robot_ws/install/robot_description' for CMake module files
[33.787s] Level 1:colcon.colcon_core.environment:checking '/home/armaanrasheed/robot-dog/robot_ws/install/robot_description' for CMake config files
[33.787s] Level 1:colcon.colcon_core.shell:create_environment_hook('robot_description', 'cmake_prefix_path')
[33.787s] INFO:colcon.colcon_core.shell:Creating environment hook '/home/armaanrasheed/robot-dog/robot_ws/install/robot_description/share/robot_description/hook/cmake_prefix_path.ps1'
[33.788s] INFO:colcon.colcon_core.shell:Creating environment descriptor '/home/armaanrasheed/robot-dog/robot_ws/install/robot_description/share/robot_description/hook/cmake_prefix_path.dsv'
[33.788s] INFO:colcon.colcon_core.shell:Creating environment hook '/home/armaanrasheed/robot-dog/robot_ws/install/robot_description/share/robot_description/hook/cmake_prefix_path.sh'
[33.789s] Level 1:colcon.colcon_core.environment:checking '/home/armaanrasheed/robot-dog/robot_ws/install/robot_description/bin'
[33.789s] Level 1:colcon.colcon_core.environment:checking '/home/armaanrasheed/robot-dog/robot_ws/install/robot_description/lib/pkgconfig/robot_description.pc'
[33.789s] Level 1:colcon.colcon_core.environment:checking '/home/armaanrasheed/robot-dog/robot_ws/install/robot_description/lib/python3.10/site-packages'
[33.789s] Level 1:colcon.colcon_core.environment:checking '/home/armaanrasheed/robot-dog/robot_ws/install/robot_description/bin'
[33.789s] INFO:colcon.colcon_core.shell:Creating package script '/home/armaanrasheed/robot-dog/robot_ws/install/robot_description/share/robot_description/package.ps1'
[33.790s] INFO:colcon.colcon_core.shell:Creating package descriptor '/home/armaanrasheed/robot-dog/robot_ws/install/robot_description/share/robot_description/package.dsv'
[33.790s] INFO:colcon.colcon_core.shell:Creating package script '/home/armaanrasheed/robot-dog/robot_ws/install/robot_description/share/robot_description/package.sh'
[33.791s] INFO:colcon.colcon_core.shell:Creating package script '/home/armaanrasheed/robot-dog/robot_ws/install/robot_description/share/robot_description/package.bash'
[33.791s] INFO:colcon.colcon_core.shell:Creating package script '/home/armaanrasheed/robot-dog/robot_ws/install/robot_description/share/robot_description/package.zsh'
[33.791s] Level 1:colcon.colcon_core.environment:create_file_with_runtime_dependencies(/home/armaanrasheed/robot-dog/robot_ws/install/robot_description/share/colcon-core/packages/robot_description)
[33.792s] DEBUG:colcon.colcon_parallel_executor.executor.parallel:closing loop
[33.792s] DEBUG:colcon.colcon_parallel_executor.executor.parallel:loop closed
[33.793s] DEBUG:colcon.colcon_parallel_executor.executor.parallel:run_until_complete finished with '0'
[33.793s] DEBUG:colcon.colcon_core.event_reactor:joining thread
[33.838s] INFO:colcon.colcon_core.plugin_system:Skipping extension 'colcon_notification.desktop_notification.notify_send': Could not find 'notify-send'
[33.838s] INFO:colcon.colcon_core.plugin_system:Skipping extension 'colcon_notification.desktop_notification.terminal_notifier': Not used on non-Darwin systems
[33.838s] INFO:colcon.colcon_core.plugin_system:Skipping extension 'colcon_notification.desktop_notification.win32': Not used on non-Windows systems
[33.838s] INFO:colcon.colcon_notification.desktop_notification:Sending desktop notification using 'notify2'
[33.838s] DEBUG:colcon.colcon_notification.desktop_notification.notify2:Failed to initialize notify2: org.freedesktop.DBus.Error.FileNotFound: Failed to connect to socket /run/user/1000/bus: No such file or directory
[33.839s] DEBUG:colcon.colcon_core.event_reactor:joined thread
[33.839s] INFO:colcon.colcon_core.shell:Creating prefix script '/home/armaanrasheed/robot-dog/robot_ws/install/local_setup.ps1'
[33.840s] INFO:colcon.colcon_core.shell:Creating prefix util module '/home/armaanrasheed/robot-dog/robot_ws/install/_local_setup_util_ps1.py'
[33.841s] INFO:colcon.colcon_core.shell:Creating prefix chain script '/home/armaanrasheed/robot-dog/robot_ws/install/setup.ps1'
[33.842s] INFO:colcon.colcon_core.shell:Creating prefix script '/home/armaanrasheed/robot-dog/robot_ws/install/local_setup.sh'
[33.842s] INFO:colcon.colcon_core.shell:Creating prefix util module '/home/armaanrasheed/robot-dog/robot_ws/install/_local_setup_util_sh.py'
[33.843s] INFO:colcon.colcon_core.shell:Creating prefix chain script '/home/armaanrasheed/robot-dog/robot_ws/install/setup.sh'
[33.843s] INFO:colcon.colcon_core.shell:Creating prefix script '/home/armaanrasheed/robot-dog/robot_ws/install/local_setup.bash'
[33.844s] INFO:colcon.colcon_core.shell:Creating prefix chain script '/home/armaanrasheed/robot-dog/robot_ws/install/setup.bash'
[33.844s] INFO:colcon.colcon_core.shell:Creating prefix script '/home/armaanrasheed/robot-dog/robot_ws/install/local_setup.zsh'
[33.845s] INFO:colcon.colcon_core.shell:Creating prefix chain script '/home/armaanrasheed/robot-dog/robot_ws/install/setup.zsh'
