[0.245s] DEBUG:colcon:Command line arguments: ['/usr/bin/colcon', 'build']
[0.245s] DEBUG:colcon:Parsed command line arguments: Namespace(log_base=None, log_level=None, verb_name='build', build_base='build', install_base='install', merge_install=False, symlink_install=False, test_result_base=None, continue_on_error=False, executor='parallel', parallel_workers=16, event_handlers=None, ignore_user_meta=False, metas=['./colcon.meta'], base_paths=['.'], packages_ignore=None, packages_ignore_regex=None, paths=None, packages_up_to=None, packages_up_to_regex=None, packages_above=None, packages_above_and_dependencies=None, packages_above_depth=None, packages_select_by_dep=None, packages_skip_by_dep=None, packages_skip_up_to=None, packages_select_build_failed=False, packages_skip_build_finished=False, packages_select_test_failures=False, packages_skip_test_passed=False, packages_select=None, packages_skip=None, packages_select_regex=None, packages_skip_regex=None, packages_start=None, packages_end=None, allow_overriding=[], cmake_args=None, cmake_target=None, cmake_target_skip_unavailable=False, cmake_clean_cache=False, cmake_clean_first=False, cmake_force_configure=False, ament_cmake_args=None, catkin_cmake_args=None, catkin_skip_building_tests=False, verb_parser=<colcon_defaults.argument_parser.defaults.DefaultArgumentsDecorator object at 0x7fef026a7100>, verb_extension=<colcon_core.verb.build.BuildVerb object at 0x7fef026a6a40>, main=<bound method BuildVerb.main of <colcon_core.verb.build.BuildVerb object at 0x7fef026a6a40>>)
[0.523s] Level 1:colcon.colcon_core.package_discovery:discover_packages(colcon_meta) check parameters
[0.523s] Level 1:colcon.colcon_core.package_discovery:discover_packages(recursive) check parameters
[0.523s] Level 1:colcon.colcon_core.package_discovery:discover_packages(ignore) check parameters
[0.523s] Level 1:colcon.colcon_core.package_discovery:discover_packages(path) check parameters
[0.523s] Level 1:colcon.colcon_core.package_discovery:discover_packages(colcon_meta) discover
[0.523s] Level 1:colcon.colcon_core.package_discovery:discover_packages(recursive) discover
[0.523s] INFO:colcon.colcon_core.package_discovery:Crawling recursively for packages in '/home/armaanrasheed/robot-dog'
[0.523s] Level 1:colcon.colcon_core.package_identification:_identify(.) by extensions ['ignore', 'ignore_ament_install']
[0.523s] Level 1:colcon.colcon_core.package_identification:_identify(.) by extension 'ignore'
[0.523s] Level 1:colcon.colcon_core.package_identification:_identify(.) by extension 'ignore_ament_install'
[0.523s] Level 1:colcon.colcon_core.package_identification:_identify(.) by extensions ['colcon_pkg']
[0.523s] Level 1:colcon.colcon_core.package_identification:_identify(.) by extension 'colcon_pkg'
[0.523s] Level 1:colcon.colcon_core.package_identification:_identify(.) by extensions ['colcon_meta']
[0.523s] Level 1:colcon.colcon_core.package_identification:_identify(.) by extension 'colcon_meta'
[0.523s] Level 1:colcon.colcon_core.package_identification:_identify(.) by extensions ['ros']
[0.523s] Level 1:colcon.colcon_core.package_identification:_identify(.) by extension 'ros'
[0.536s] Level 1:colcon.colcon_core.package_identification:_identify(.) by extensions ['cmake', 'python']
[0.536s] Level 1:colcon.colcon_core.package_identification:_identify(.) by extension 'cmake'
[0.536s] Level 1:colcon.colcon_core.package_identification:_identify(.) by extension 'python'
[0.536s] Level 1:colcon.colcon_core.package_identification:_identify(.) by extensions ['python_setup_py']
[0.536s] Level 1:colcon.colcon_core.package_identification:_identify(.) by extension 'python_setup_py'
[0.536s] Level 1:colcon.colcon_core.package_identification:_identify(Robot_Description) by extensions ['ignore', 'ignore_ament_install']
[0.536s] Level 1:colcon.colcon_core.package_identification:_identify(Robot_Description) by extension 'ignore'
[0.536s] Level 1:colcon.colcon_core.package_identification:_identify(Robot_Description) by extension 'ignore_ament_install'
[0.536s] Level 1:colcon.colcon_core.package_identification:_identify(Robot_Description) by extensions ['colcon_pkg']
[0.537s] Level 1:colcon.colcon_core.package_identification:_identify(Robot_Description) by extension 'colcon_pkg'
[0.537s] Level 1:colcon.colcon_core.package_identification:_identify(Robot_Description) by extensions ['colcon_meta']
[0.537s] Level 1:colcon.colcon_core.package_identification:_identify(Robot_Description) by extension 'colcon_meta'
[0.537s] Level 1:colcon.colcon_core.package_identification:_identify(Robot_Description) by extensions ['ros']
[0.537s] Level 1:colcon.colcon_core.package_identification:_identify(Robot_Description) by extension 'ros'
[0.540s] DEBUG:colcon.colcon_core.package_identification:Package 'Robot_Description' with type 'ros.ament_cmake' and name 'Robot_Description'
[0.540s] Level 1:colcon.colcon_core.package_identification:_identify(build) by extensions ['ignore', 'ignore_ament_install']
[0.540s] Level 1:colcon.colcon_core.package_identification:_identify(build) by extension 'ignore'
[0.540s] Level 1:colcon.colcon_core.package_identification:_identify(build) ignored
[0.541s] Level 1:colcon.colcon_core.package_identification:_identify(firmware) by extensions ['ignore', 'ignore_ament_install']
[0.541s] Level 1:colcon.colcon_core.package_identification:_identify(firmware) by extension 'ignore'
[0.541s] Level 1:colcon.colcon_core.package_identification:_identify(firmware) by extension 'ignore_ament_install'
[0.541s] Level 1:colcon.colcon_core.package_identification:_identify(firmware) by extensions ['colcon_pkg']
[0.541s] Level 1:colcon.colcon_core.package_identification:_identify(firmware) by extension 'colcon_pkg'
[0.541s] Level 1:colcon.colcon_core.package_identification:_identify(firmware) by extensions ['colcon_meta']
[0.541s] Level 1:colcon.colcon_core.package_identification:_identify(firmware) by extension 'colcon_meta'
[0.541s] Level 1:colcon.colcon_core.package_identification:_identify(firmware) by extensions ['ros']
[0.541s] Level 1:colcon.colcon_core.package_identification:_identify(firmware) by extension 'ros'
[0.541s] Level 1:colcon.colcon_core.package_identification:_identify(firmware) by extensions ['cmake', 'python']
[0.541s] Level 1:colcon.colcon_core.package_identification:_identify(firmware) by extension 'cmake'
[0.541s] Level 1:colcon.colcon_core.package_identification:_identify(firmware) by extension 'python'
[0.541s] Level 1:colcon.colcon_core.package_identification:_identify(firmware) by extensions ['python_setup_py']
[0.541s] Level 1:colcon.colcon_core.package_identification:_identify(firmware) by extension 'python_setup_py'
[0.541s] Level 1:colcon.colcon_core.package_identification:_identify(install) by extensions ['ignore', 'ignore_ament_install']
[0.541s] Level 1:colcon.colcon_core.package_identification:_identify(install) by extension 'ignore'
[0.541s] Level 1:colcon.colcon_core.package_identification:_identify(install) ignored
[0.541s] Level 1:colcon.colcon_core.package_identification:_identify(log) by extensions ['ignore', 'ignore_ament_install']
[0.542s] Level 1:colcon.colcon_core.package_identification:_identify(log) by extension 'ignore'
[0.542s] Level 1:colcon.colcon_core.package_identification:_identify(log) ignored
[0.542s] Level 1:colcon.colcon_core.package_identification:_identify(remote_ws) by extensions ['ignore', 'ignore_ament_install']
[0.542s] Level 1:colcon.colcon_core.package_identification:_identify(remote_ws) by extension 'ignore'
[0.542s] Level 1:colcon.colcon_core.package_identification:_identify(remote_ws) by extension 'ignore_ament_install'
[0.542s] Level 1:colcon.colcon_core.package_identification:_identify(remote_ws) by extensions ['colcon_pkg']
[0.542s] Level 1:colcon.colcon_core.package_identification:_identify(remote_ws) by extension 'colcon_pkg'
[0.542s] Level 1:colcon.colcon_core.package_identification:_identify(remote_ws) by extensions ['colcon_meta']
[0.542s] Level 1:colcon.colcon_core.package_identification:_identify(remote_ws) by extension 'colcon_meta'
[0.542s] Level 1:colcon.colcon_core.package_identification:_identify(remote_ws) by extensions ['ros']
[0.542s] Level 1:colcon.colcon_core.package_identification:_identify(remote_ws) by extension 'ros'
[0.542s] Level 1:colcon.colcon_core.package_identification:_identify(remote_ws) by extensions ['cmake', 'python']
[0.542s] Level 1:colcon.colcon_core.package_identification:_identify(remote_ws) by extension 'cmake'
[0.542s] Level 1:colcon.colcon_core.package_identification:_identify(remote_ws) by extension 'python'
[0.542s] Level 1:colcon.colcon_core.package_identification:_identify(remote_ws) by extensions ['python_setup_py']
[0.543s] Level 1:colcon.colcon_core.package_identification:_identify(remote_ws) by extension 'python_setup_py'
[0.543s] Level 1:colcon.colcon_core.package_identification:_identify(robot_ws) by extensions ['ignore', 'ignore_ament_install']
[0.543s] Level 1:colcon.colcon_core.package_identification:_identify(robot_ws) by extension 'ignore'
[0.543s] Level 1:colcon.colcon_core.package_identification:_identify(robot_ws) by extension 'ignore_ament_install'
[0.543s] Level 1:colcon.colcon_core.package_identification:_identify(robot_ws) by extensions ['colcon_pkg']
[0.543s] Level 1:colcon.colcon_core.package_identification:_identify(robot_ws) by extension 'colcon_pkg'
[0.543s] Level 1:colcon.colcon_core.package_identification:_identify(robot_ws) by extensions ['colcon_meta']
[0.543s] Level 1:colcon.colcon_core.package_identification:_identify(robot_ws) by extension 'colcon_meta'
[0.543s] Level 1:colcon.colcon_core.package_identification:_identify(robot_ws) by extensions ['ros']
[0.543s] Level 1:colcon.colcon_core.package_identification:_identify(robot_ws) by extension 'ros'
[0.543s] Level 1:colcon.colcon_core.package_identification:_identify(robot_ws) by extensions ['cmake', 'python']
[0.543s] Level 1:colcon.colcon_core.package_identification:_identify(robot_ws) by extension 'cmake'
[0.543s] Level 1:colcon.colcon_core.package_identification:_identify(robot_ws) by extension 'python'
[0.543s] Level 1:colcon.colcon_core.package_identification:_identify(robot_ws) by extensions ['python_setup_py']
[0.543s] Level 1:colcon.colcon_core.package_identification:_identify(robot_ws) by extension 'python_setup_py'
[0.544s] Level 1:colcon.colcon_core.package_identification:_identify(robot_ws/src) by extensions ['ignore', 'ignore_ament_install']
[0.544s] Level 1:colcon.colcon_core.package_identification:_identify(robot_ws/src) by extension 'ignore'
[0.544s] Level 1:colcon.colcon_core.package_identification:_identify(robot_ws/src) by extension 'ignore_ament_install'
[0.544s] Level 1:colcon.colcon_core.package_identification:_identify(robot_ws/src) by extensions ['colcon_pkg']
[0.544s] Level 1:colcon.colcon_core.package_identification:_identify(robot_ws/src) by extension 'colcon_pkg'
[0.544s] Level 1:colcon.colcon_core.package_identification:_identify(robot_ws/src) by extensions ['colcon_meta']
[0.544s] Level 1:colcon.colcon_core.package_identification:_identify(robot_ws/src) by extension 'colcon_meta'
[0.544s] Level 1:colcon.colcon_core.package_identification:_identify(robot_ws/src) by extensions ['ros']
[0.544s] Level 1:colcon.colcon_core.package_identification:_identify(robot_ws/src) by extension 'ros'
[0.544s] Level 1:colcon.colcon_core.package_identification:_identify(robot_ws/src) by extensions ['cmake', 'python']
[0.544s] Level 1:colcon.colcon_core.package_identification:_identify(robot_ws/src) by extension 'cmake'
[0.544s] Level 1:colcon.colcon_core.package_identification:_identify(robot_ws/src) by extension 'python'
[0.544s] Level 1:colcon.colcon_core.package_identification:_identify(robot_ws/src) by extensions ['python_setup_py']
[0.544s] Level 1:colcon.colcon_core.package_identification:_identify(robot_ws/src) by extension 'python_setup_py'
[0.544s] Level 1:colcon.colcon_core.package_discovery:discover_packages(recursive) using defaults
[0.545s] Level 1:colcon.colcon_core.package_discovery:discover_packages(ignore) discover
[0.545s] Level 1:colcon.colcon_core.package_discovery:discover_packages(ignore) using defaults
[0.545s] Level 1:colcon.colcon_core.package_discovery:discover_packages(path) discover
[0.545s] Level 1:colcon.colcon_core.package_discovery:discover_packages(path) using defaults
[0.571s] Level 1:colcon.colcon_core.package_discovery:discover_packages(prefix_path) check parameters
[0.571s] Level 1:colcon.colcon_core.package_discovery:discover_packages(prefix_path) discover
[0.575s] DEBUG:colcon.colcon_installed_package_information.package_discovery:Found 294 installed packages in /opt/ros/humble
[0.576s] Level 1:colcon.colcon_core.package_discovery:discover_packages(prefix_path) using defaults
[0.658s] Level 5:colcon.colcon_core.verb:set package 'Robot_Description' build argument 'cmake_args' from command line to 'None'
[0.658s] Level 5:colcon.colcon_core.verb:set package 'Robot_Description' build argument 'cmake_target' from command line to 'None'
[0.658s] Level 5:colcon.colcon_core.verb:set package 'Robot_Description' build argument 'cmake_target_skip_unavailable' from command line to 'False'
[0.658s] Level 5:colcon.colcon_core.verb:set package 'Robot_Description' build argument 'cmake_clean_cache' from command line to 'False'
[0.658s] Level 5:colcon.colcon_core.verb:set package 'Robot_Description' build argument 'cmake_clean_first' from command line to 'False'
[0.658s] Level 5:colcon.colcon_core.verb:set package 'Robot_Description' build argument 'cmake_force_configure' from command line to 'False'
[0.658s] Level 5:colcon.colcon_core.verb:set package 'Robot_Description' build argument 'ament_cmake_args' from command line to 'None'
[0.658s] Level 5:colcon.colcon_core.verb:set package 'Robot_Description' build argument 'catkin_cmake_args' from command line to 'None'
[0.658s] Level 5:colcon.colcon_core.verb:set package 'Robot_Description' build argument 'catkin_skip_building_tests' from command line to 'False'
[0.658s] DEBUG:colcon.colcon_core.verb:Building package 'Robot_Description' with the following arguments: {'ament_cmake_args': None, 'build_base': '/home/armaanrasheed/robot-dog/build/Robot_Description', 'catkin_cmake_args': None, 'catkin_skip_building_tests': False, 'cmake_args': None, 'cmake_clean_cache': False, 'cmake_clean_first': False, 'cmake_force_configure': False, 'cmake_target': None, 'cmake_target_skip_unavailable': False, 'install_base': '/home/armaanrasheed/robot-dog/install/Robot_Description', 'merge_install': False, 'path': '/home/armaanrasheed/robot-dog/Robot_Description', 'symlink_install': False, 'test_result_base': None}
[0.658s] INFO:colcon.colcon_core.executor:Executing jobs using 'parallel' executor
[0.659s] DEBUG:colcon.colcon_parallel_executor.executor.parallel:run_until_complete
[0.659s] INFO:colcon.colcon_ros.task.ament_cmake.build:Building ROS package in '/home/armaanrasheed/robot-dog/Robot_Description' with build type 'ament_cmake'
[0.659s] INFO:colcon.colcon_cmake.task.cmake.build:Building CMake package in '/home/armaanrasheed/robot-dog/Robot_Description'
[0.664s] INFO:colcon.colcon_core.plugin_system:Skipping extension 'colcon_core.shell.bat': Not used on non-Windows systems
[0.664s] INFO:colcon.colcon_core.shell:Skip shell extension 'powershell' for command environment: Not usable outside of PowerShell
[0.664s] DEBUG:colcon.colcon_core.shell:Skip shell extension 'dsv' for command environment
[0.670s] DEBUG:colcon.colcon_core.event_handler.log_command:Invoking command in '/home/armaanrasheed/robot-dog/build/Robot_Description': CMAKE_PREFIX_PATH=/opt/ros/humble /usr/bin/cmake /home/armaanrasheed/robot-dog/Robot_Description -DCMAKE_INSTALL_PREFIX=/home/armaanrasheed/robot-dog/install/Robot_Description
[30.387s] DEBUG:colcon.colcon_core.event_handler.log_command:Invoked command in '/home/armaanrasheed/robot-dog/build/Robot_Description' returned '0': CMAKE_PREFIX_PATH=/opt/ros/humble /usr/bin/cmake /home/armaanrasheed/robot-dog/Robot_Description -DCMAKE_INSTALL_PREFIX=/home/armaanrasheed/robot-dog/install/Robot_Description
[30.389s] DEBUG:colcon.colcon_core.event_handler.log_command:Invoking command in '/home/armaanrasheed/robot-dog/build/Robot_Description': CMAKE_PREFIX_PATH=/opt/ros/humble /usr/bin/cmake --build /home/armaanrasheed/robot-dog/build/Robot_Description -- -j16 -l16
[30.415s] DEBUG:colcon.colcon_core.event_handler.log_command:Invoked command in '/home/armaanrasheed/robot-dog/build/Robot_Description' returned '0': CMAKE_PREFIX_PATH=/opt/ros/humble /usr/bin/cmake --build /home/armaanrasheed/robot-dog/build/Robot_Description -- -j16 -l16
[30.433s] DEBUG:colcon.colcon_core.event_handler.log_command:Invoking command in '/home/armaanrasheed/robot-dog/build/Robot_Description': CMAKE_PREFIX_PATH=/opt/ros/humble /usr/bin/cmake --install /home/armaanrasheed/robot-dog/build/Robot_Description
[30.591s] Level 1:colcon.colcon_core.environment:create_environment_scripts_only(Robot_Description)
[30.592s] DEBUG:colcon.colcon_core.event_handler.log_command:Invoked command in '/home/armaanrasheed/robot-dog/build/Robot_Description' returned '0': CMAKE_PREFIX_PATH=/opt/ros/humble /usr/bin/cmake --install /home/armaanrasheed/robot-dog/build/Robot_Description
[30.596s] Level 1:colcon.colcon_core.environment:checking '/home/armaanrasheed/robot-dog/install/Robot_Description' for CMake module files
[30.597s] Level 1:colcon.colcon_core.environment:checking '/home/armaanrasheed/robot-dog/install/Robot_Description' for CMake config files
[30.597s] Level 1:colcon.colcon_core.shell:create_environment_hook('Robot_Description', 'cmake_prefix_path')
[30.597s] INFO:colcon.colcon_core.shell:Creating environment hook '/home/armaanrasheed/robot-dog/install/Robot_Description/share/Robot_Description/hook/cmake_prefix_path.ps1'
[30.598s] INFO:colcon.colcon_core.shell:Creating environment descriptor '/home/armaanrasheed/robot-dog/install/Robot_Description/share/Robot_Description/hook/cmake_prefix_path.dsv'
[30.599s] INFO:colcon.colcon_core.shell:Creating environment hook '/home/armaanrasheed/robot-dog/install/Robot_Description/share/Robot_Description/hook/cmake_prefix_path.sh'
[30.599s] Level 1:colcon.colcon_core.environment:checking '/home/armaanrasheed/robot-dog/install/Robot_Description/bin'
[30.600s] Level 1:colcon.colcon_core.environment:checking '/home/armaanrasheed/robot-dog/install/Robot_Description/lib/pkgconfig/Robot_Description.pc'
[30.600s] Level 1:colcon.colcon_core.environment:checking '/home/armaanrasheed/robot-dog/install/Robot_Description/lib/python3.10/site-packages'
[30.600s] Level 1:colcon.colcon_core.environment:checking '/home/armaanrasheed/robot-dog/install/Robot_Description/bin'
[30.600s] INFO:colcon.colcon_core.shell:Creating package script '/home/armaanrasheed/robot-dog/install/Robot_Description/share/Robot_Description/package.ps1'
[30.601s] INFO:colcon.colcon_core.shell:Creating package descriptor '/home/armaanrasheed/robot-dog/install/Robot_Description/share/Robot_Description/package.dsv'
[30.602s] INFO:colcon.colcon_core.shell:Creating package script '/home/armaanrasheed/robot-dog/install/Robot_Description/share/Robot_Description/package.sh'
[30.602s] INFO:colcon.colcon_core.shell:Creating package script '/home/armaanrasheed/robot-dog/install/Robot_Description/share/Robot_Description/package.bash'
[30.603s] INFO:colcon.colcon_core.shell:Creating package script '/home/armaanrasheed/robot-dog/install/Robot_Description/share/Robot_Description/package.zsh'
[30.604s] Level 1:colcon.colcon_core.environment:create_file_with_runtime_dependencies(/home/armaanrasheed/robot-dog/install/Robot_Description/share/colcon-core/packages/Robot_Description)
[30.618s] Level 1:colcon.colcon_core.environment:create_environment_scripts_only(Robot_Description)
[30.618s] Level 1:colcon.colcon_core.environment:checking '/home/armaanrasheed/robot-dog/install/Robot_Description' for CMake module files
[30.619s] Level 1:colcon.colcon_core.environment:checking '/home/armaanrasheed/robot-dog/install/Robot_Description' for CMake config files
[30.619s] Level 1:colcon.colcon_core.shell:create_environment_hook('Robot_Description', 'cmake_prefix_path')
[30.619s] INFO:colcon.colcon_core.shell:Creating environment hook '/home/armaanrasheed/robot-dog/install/Robot_Description/share/Robot_Description/hook/cmake_prefix_path.ps1'
[30.619s] INFO:colcon.colcon_core.shell:Creating environment descriptor '/home/armaanrasheed/robot-dog/install/Robot_Description/share/Robot_Description/hook/cmake_prefix_path.dsv'
[30.620s] INFO:colcon.colcon_core.shell:Creating environment hook '/home/armaanrasheed/robot-dog/install/Robot_Description/share/Robot_Description/hook/cmake_prefix_path.sh'
[30.620s] Level 1:colcon.colcon_core.environment:checking '/home/armaanrasheed/robot-dog/install/Robot_Description/bin'
[30.620s] Level 1:colcon.colcon_core.environment:checking '/home/armaanrasheed/robot-dog/install/Robot_Description/lib/pkgconfig/Robot_Description.pc'
[30.620s] Level 1:colcon.colcon_core.environment:checking '/home/armaanrasheed/robot-dog/install/Robot_Description/lib/python3.10/site-packages'
[30.621s] Level 1:colcon.colcon_core.environment:checking '/home/armaanrasheed/robot-dog/install/Robot_Description/bin'
[30.621s] INFO:colcon.colcon_core.shell:Creating package script '/home/armaanrasheed/robot-dog/install/Robot_Description/share/Robot_Description/package.ps1'
[30.621s] INFO:colcon.colcon_core.shell:Creating package descriptor '/home/armaanrasheed/robot-dog/install/Robot_Description/share/Robot_Description/package.dsv'
[30.621s] INFO:colcon.colcon_core.shell:Creating package script '/home/armaanrasheed/robot-dog/install/Robot_Description/share/Robot_Description/package.sh'
[30.622s] INFO:colcon.colcon_core.shell:Creating package script '/home/armaanrasheed/robot-dog/install/Robot_Description/share/Robot_Description/package.bash'
[30.622s] INFO:colcon.colcon_core.shell:Creating package script '/home/armaanrasheed/robot-dog/install/Robot_Description/share/Robot_Description/package.zsh'
[30.622s] Level 1:colcon.colcon_core.environment:create_file_with_runtime_dependencies(/home/armaanrasheed/robot-dog/install/Robot_Description/share/colcon-core/packages/Robot_Description)
[30.623s] DEBUG:colcon.colcon_parallel_executor.executor.parallel:closing loop
[30.623s] DEBUG:colcon.colcon_parallel_executor.executor.parallel:loop closed
[30.623s] DEBUG:colcon.colcon_parallel_executor.executor.parallel:run_until_complete finished with '0'
[30.623s] DEBUG:colcon.colcon_core.event_reactor:joining thread
[30.658s] INFO:colcon.colcon_core.plugin_system:Skipping extension 'colcon_notification.desktop_notification.notify_send': Could not find 'notify-send'
[30.659s] INFO:colcon.colcon_core.plugin_system:Skipping extension 'colcon_notification.desktop_notification.terminal_notifier': Not used on non-Darwin systems
[30.659s] INFO:colcon.colcon_core.plugin_system:Skipping extension 'colcon_notification.desktop_notification.win32': Not used on non-Windows systems
[30.659s] INFO:colcon.colcon_notification.desktop_notification:Sending desktop notification using 'notify2'
[30.659s] DEBUG:colcon.colcon_notification.desktop_notification.notify2:Failed to initialize notify2: org.freedesktop.DBus.Error.FileNotFound: Failed to connect to socket /run/user/1000/bus: No such file or directory
[30.659s] DEBUG:colcon.colcon_core.event_reactor:joined thread
[30.659s] INFO:colcon.colcon_core.shell:Creating prefix script '/home/armaanrasheed/robot-dog/install/local_setup.ps1'
[30.661s] INFO:colcon.colcon_core.shell:Creating prefix util module '/home/armaanrasheed/robot-dog/install/_local_setup_util_ps1.py'
[30.662s] INFO:colcon.colcon_core.shell:Creating prefix chain script '/home/armaanrasheed/robot-dog/install/setup.ps1'
[30.663s] INFO:colcon.colcon_core.shell:Creating prefix script '/home/armaanrasheed/robot-dog/install/local_setup.sh'
[30.663s] INFO:colcon.colcon_core.shell:Creating prefix util module '/home/armaanrasheed/robot-dog/install/_local_setup_util_sh.py'
[30.664s] INFO:colcon.colcon_core.shell:Creating prefix chain script '/home/armaanrasheed/robot-dog/install/setup.sh'
[30.665s] INFO:colcon.colcon_core.shell:Creating prefix script '/home/armaanrasheed/robot-dog/install/local_setup.bash'
[30.665s] INFO:colcon.colcon_core.shell:Creating prefix chain script '/home/armaanrasheed/robot-dog/install/setup.bash'
[30.666s] INFO:colcon.colcon_core.shell:Creating prefix script '/home/armaanrasheed/robot-dog/install/local_setup.zsh'
[30.667s] INFO:colcon.colcon_core.shell:Creating prefix chain script '/home/armaanrasheed/robot-dog/install/setup.zsh'
