[0.093s] DEBUG:colcon:Command line arguments: ['/home/armaan/miniconda3/bin/colcon', 'build']
[0.093s] DEBUG:colcon:Parsed command line arguments: Namespace(log_base=None, log_level=None, verb_name='build', build_base='build', install_base='install', merge_install=False, symlink_install=False, test_result_base=None, continue_on_error=False, executor='parallel', parallel_workers=16, event_handlers=None, ignore_user_meta=False, metas=['./colcon.meta'], base_paths=['.'], packages_ignore=None, packages_ignore_regex=None, paths=None, packages_up_to=None, packages_up_to_regex=None, packages_above=None, packages_above_and_dependencies=None, packages_above_depth=None, packages_select_by_dep=None, packages_skip_by_dep=None, packages_skip_up_to=None, packages_select_build_failed=False, packages_skip_build_finished=False, packages_select_test_failures=False, packages_skip_test_passed=False, packages_select=None, packages_skip=None, packages_select_regex=None, packages_skip_regex=None, packages_start=None, packages_end=None, cmake_args=None, cmake_target=None, cmake_target_skip_unavailable=False, cmake_clean_cache=False, cmake_clean_first=False, cmake_force_configure=False, ament_cmake_args=None, catkin_cmake_args=None, catkin_skip_building_tests=False, verb_parser=<colcon_defaults.argument_parser.defaults.DefaultArgumentsDecorator object at 0x7f358479da50>, verb_extension=<colcon_core.verb.build.BuildVerb object at 0x7f358479d350>, main=<bound method BuildVerb.main of <colcon_core.verb.build.BuildVerb object at 0x7f358479d350>>)
[0.118s] Level 1:colcon.colcon_core.package_discovery:discover_packages(colcon_meta) check parameters
[0.118s] Level 1:colcon.colcon_core.package_discovery:discover_packages(recursive) check parameters
[0.118s] Level 1:colcon.colcon_core.package_discovery:discover_packages(ignore) check parameters
[0.118s] Level 1:colcon.colcon_core.package_discovery:discover_packages(path) check parameters
[0.118s] Level 1:colcon.colcon_core.package_discovery:discover_packages(colcon_meta) discover
[0.118s] Level 1:colcon.colcon_core.package_discovery:discover_packages(recursive) discover
[0.118s] INFO:colcon.colcon_core.package_discovery:Crawling recursively for packages in '/home/armaan/Desktop/robot-dog/Robot_Description'
[0.118s] Level 1:colcon.colcon_core.package_identification:_identify(.) by extensions ['ignore', 'ignore_ament_install']
[0.118s] Level 1:colcon.colcon_core.package_identification:_identify(.) by extension 'ignore'
[0.118s] Level 1:colcon.colcon_core.package_identification:_identify(.) by extension 'ignore_ament_install'
[0.118s] Level 1:colcon.colcon_core.package_identification:_identify(.) by extensions ['colcon_pkg']
[0.118s] Level 1:colcon.colcon_core.package_identification:_identify(.) by extension 'colcon_pkg'
[0.119s] Level 1:colcon.colcon_core.package_identification:_identify(.) by extensions ['colcon_meta']
[0.119s] Level 1:colcon.colcon_core.package_identification:_identify(.) by extension 'colcon_meta'
[0.119s] Level 1:colcon.colcon_core.package_identification:_identify(.) by extensions ['ros']
[0.119s] Level 1:colcon.colcon_core.package_identification:_identify(.) by extension 'ros'
[0.137s] DEBUG:colcon.colcon_core.package_identification:Package '.' with type 'ros.ament_cmake' and name 'assem_description'
[0.137s] Level 1:colcon.colcon_core.package_discovery:discover_packages(recursive) using defaults
[0.137s] Level 1:colcon.colcon_core.package_discovery:discover_packages(ignore) discover
[0.137s] Level 1:colcon.colcon_core.package_discovery:discover_packages(ignore) using defaults
[0.137s] Level 1:colcon.colcon_core.package_discovery:discover_packages(path) discover
[0.137s] Level 1:colcon.colcon_core.package_discovery:discover_packages(path) using defaults
[0.150s] Level 5:colcon.colcon_core.verb:set package 'assem_description' build argument 'cmake_args' from command line to 'None'
[0.150s] Level 5:colcon.colcon_core.verb:set package 'assem_description' build argument 'cmake_target' from command line to 'None'
[0.150s] Level 5:colcon.colcon_core.verb:set package 'assem_description' build argument 'cmake_target_skip_unavailable' from command line to 'False'
[0.150s] Level 5:colcon.colcon_core.verb:set package 'assem_description' build argument 'cmake_clean_cache' from command line to 'False'
[0.150s] Level 5:colcon.colcon_core.verb:set package 'assem_description' build argument 'cmake_clean_first' from command line to 'False'
[0.150s] Level 5:colcon.colcon_core.verb:set package 'assem_description' build argument 'cmake_force_configure' from command line to 'False'
[0.150s] Level 5:colcon.colcon_core.verb:set package 'assem_description' build argument 'ament_cmake_args' from command line to 'None'
[0.150s] Level 5:colcon.colcon_core.verb:set package 'assem_description' build argument 'catkin_cmake_args' from command line to 'None'
[0.150s] Level 5:colcon.colcon_core.verb:set package 'assem_description' build argument 'catkin_skip_building_tests' from command line to 'False'
[0.150s] DEBUG:colcon.colcon_core.verb:Building package 'assem_description' with the following arguments: {'ament_cmake_args': None, 'build_base': '/home/armaan/Desktop/robot-dog/Robot_Description/build/assem_description', 'catkin_cmake_args': None, 'catkin_skip_building_tests': False, 'cmake_args': None, 'cmake_clean_cache': False, 'cmake_clean_first': False, 'cmake_force_configure': False, 'cmake_target': None, 'cmake_target_skip_unavailable': False, 'install_base': '/home/armaan/Desktop/robot-dog/Robot_Description/install/assem_description', 'merge_install': False, 'path': '/home/armaan/Desktop/robot-dog/Robot_Description', 'symlink_install': False, 'test_result_base': None}
[0.150s] INFO:colcon.colcon_core.executor:Executing jobs using 'parallel' executor
[0.151s] DEBUG:colcon.colcon_parallel_executor.executor.parallel:run_until_complete
[0.151s] INFO:colcon.colcon_ros.task.ament_cmake.build:Building ROS package in '/home/armaan/Desktop/robot-dog/Robot_Description' with build type 'ament_cmake'
[0.152s] INFO:colcon.colcon_cmake.task.cmake.build:Building CMake package in '/home/armaan/Desktop/robot-dog/Robot_Description'
[0.153s] INFO:colcon.colcon_core.plugin_system:Skipping extension 'colcon_core.shell.bat': Not used on non-Windows systems
[0.153s] INFO:colcon.colcon_core.shell:Skip shell extension 'powershell' for command environment: Not usable outside of PowerShell
[0.153s] DEBUG:colcon.colcon_core.shell:Skip shell extension 'dsv' for command environment
[0.162s] DEBUG:colcon.colcon_core.event_handler.log_command:Invoking command in '/home/armaan/Desktop/robot-dog/Robot_Description/build/assem_description': CMAKE_PREFIX_PATH=${CMAKE_PREFIX_PATH}:/opt/ros/humble CONDA_PROMPT_MODIFIER=(base) /usr/bin/cmake /home/armaan/Desktop/robot-dog/Robot_Description -DCMAKE_INSTALL_PREFIX=/home/armaan/Desktop/robot-dog/Robot_Description/install/assem_description
[2.508s] DEBUG:colcon.colcon_core.event_handler.log_command:Invoked command in '/home/armaan/Desktop/robot-dog/Robot_Description/build/assem_description' returned '0': CMAKE_PREFIX_PATH=${CMAKE_PREFIX_PATH}:/opt/ros/humble CONDA_PROMPT_MODIFIER=(base) /usr/bin/cmake /home/armaan/Desktop/robot-dog/Robot_Description -DCMAKE_INSTALL_PREFIX=/home/armaan/Desktop/robot-dog/Robot_Description/install/assem_description
[2.510s] DEBUG:colcon.colcon_core.event_handler.log_command:Invoking command in '/home/armaan/Desktop/robot-dog/Robot_Description/build/assem_description': CMAKE_PREFIX_PATH=${CMAKE_PREFIX_PATH}:/opt/ros/humble CONDA_PROMPT_MODIFIER=(base) /usr/bin/cmake --build /home/armaan/Desktop/robot-dog/Robot_Description/build/assem_description -- -j16 -l16
[2.545s] DEBUG:colcon.colcon_core.event_handler.log_command:Invoked command in '/home/armaan/Desktop/robot-dog/Robot_Description/build/assem_description' returned '0': CMAKE_PREFIX_PATH=${CMAKE_PREFIX_PATH}:/opt/ros/humble CONDA_PROMPT_MODIFIER=(base) /usr/bin/cmake --build /home/armaan/Desktop/robot-dog/Robot_Description/build/assem_description -- -j16 -l16
[2.576s] DEBUG:colcon.colcon_core.event_handler.log_command:Invoking command in '/home/armaan/Desktop/robot-dog/Robot_Description/build/assem_description': CMAKE_PREFIX_PATH=${CMAKE_PREFIX_PATH}:/opt/ros/humble CONDA_PROMPT_MODIFIER=(base) /usr/bin/cmake --install /home/armaan/Desktop/robot-dog/Robot_Description/build/assem_description
[2.699s] Level 1:colcon.colcon_core.environment:create_environment_scripts_only(assem_description)
[2.700s] DEBUG:colcon.colcon_core.event_handler.log_command:Invoked command in '/home/armaan/Desktop/robot-dog/Robot_Description/build/assem_description' returned '0': CMAKE_PREFIX_PATH=${CMAKE_PREFIX_PATH}:/opt/ros/humble CONDA_PROMPT_MODIFIER=(base) /usr/bin/cmake --install /home/armaan/Desktop/robot-dog/Robot_Description/build/assem_description
[2.701s] Level 1:colcon.colcon_core.environment:checking '/home/armaan/Desktop/robot-dog/Robot_Description/install/assem_description' for CMake module files
[2.701s] Level 1:colcon.colcon_core.environment:checking '/home/armaan/Desktop/robot-dog/Robot_Description/install/assem_description' for CMake config files
[2.702s] Level 1:colcon.colcon_core.shell:create_environment_hook('assem_description', 'cmake_prefix_path')
[2.702s] INFO:colcon.colcon_core.shell:Creating environment hook '/home/armaan/Desktop/robot-dog/Robot_Description/install/assem_description/share/assem_description/hook/cmake_prefix_path.ps1'
[2.702s] INFO:colcon.colcon_core.shell:Creating environment descriptor '/home/armaan/Desktop/robot-dog/Robot_Description/install/assem_description/share/assem_description/hook/cmake_prefix_path.dsv'
[2.702s] INFO:colcon.colcon_core.shell:Creating environment hook '/home/armaan/Desktop/robot-dog/Robot_Description/install/assem_description/share/assem_description/hook/cmake_prefix_path.sh'
[2.703s] Level 1:colcon.colcon_core.environment:checking '/home/armaan/Desktop/robot-dog/Robot_Description/install/assem_description/bin'
[2.703s] Level 1:colcon.colcon_core.environment:checking '/home/armaan/Desktop/robot-dog/Robot_Description/install/assem_description/lib/pkgconfig/assem_description.pc'
[2.704s] Level 1:colcon.colcon_core.environment:checking '/home/armaan/Desktop/robot-dog/Robot_Description/install/assem_description/lib/python3.11/site-packages'
[2.704s] Level 1:colcon.colcon_core.environment:checking '/home/armaan/Desktop/robot-dog/Robot_Description/install/assem_description/bin'
[2.704s] INFO:colcon.colcon_core.shell:Creating package script '/home/armaan/Desktop/robot-dog/Robot_Description/install/assem_description/share/assem_description/package.ps1'
[2.704s] INFO:colcon.colcon_core.shell:Creating package descriptor '/home/armaan/Desktop/robot-dog/Robot_Description/install/assem_description/share/assem_description/package.dsv'
[2.705s] INFO:colcon.colcon_core.shell:Creating package script '/home/armaan/Desktop/robot-dog/Robot_Description/install/assem_description/share/assem_description/package.sh'
[2.705s] INFO:colcon.colcon_core.shell:Creating package script '/home/armaan/Desktop/robot-dog/Robot_Description/install/assem_description/share/assem_description/package.bash'
[2.705s] INFO:colcon.colcon_core.shell:Creating package script '/home/armaan/Desktop/robot-dog/Robot_Description/install/assem_description/share/assem_description/package.zsh'
[2.706s] Level 1:colcon.colcon_core.environment:create_file_with_runtime_dependencies(/home/armaan/Desktop/robot-dog/Robot_Description/install/assem_description/share/colcon-core/packages/assem_description)
[2.727s] Level 1:colcon.colcon_core.environment:create_environment_scripts_only(assem_description)
[2.728s] Level 1:colcon.colcon_core.environment:checking '/home/armaan/Desktop/robot-dog/Robot_Description/install/assem_description' for CMake module files
[2.728s] Level 1:colcon.colcon_core.environment:checking '/home/armaan/Desktop/robot-dog/Robot_Description/install/assem_description' for CMake config files
[2.728s] Level 1:colcon.colcon_core.shell:create_environment_hook('assem_description', 'cmake_prefix_path')
[2.729s] INFO:colcon.colcon_core.shell:Creating environment hook '/home/armaan/Desktop/robot-dog/Robot_Description/install/assem_description/share/assem_description/hook/cmake_prefix_path.ps1'
[2.729s] INFO:colcon.colcon_core.shell:Creating environment descriptor '/home/armaan/Desktop/robot-dog/Robot_Description/install/assem_description/share/assem_description/hook/cmake_prefix_path.dsv'
[2.729s] INFO:colcon.colcon_core.shell:Creating environment hook '/home/armaan/Desktop/robot-dog/Robot_Description/install/assem_description/share/assem_description/hook/cmake_prefix_path.sh'
[2.729s] Level 1:colcon.colcon_core.environment:checking '/home/armaan/Desktop/robot-dog/Robot_Description/install/assem_description/bin'
[2.729s] Level 1:colcon.colcon_core.environment:checking '/home/armaan/Desktop/robot-dog/Robot_Description/install/assem_description/lib/pkgconfig/assem_description.pc'
[2.730s] Level 1:colcon.colcon_core.environment:checking '/home/armaan/Desktop/robot-dog/Robot_Description/install/assem_description/lib/python3.11/site-packages'
[2.730s] Level 1:colcon.colcon_core.environment:checking '/home/armaan/Desktop/robot-dog/Robot_Description/install/assem_description/bin'
[2.730s] INFO:colcon.colcon_core.shell:Creating package script '/home/armaan/Desktop/robot-dog/Robot_Description/install/assem_description/share/assem_description/package.ps1'
[2.730s] INFO:colcon.colcon_core.shell:Creating package descriptor '/home/armaan/Desktop/robot-dog/Robot_Description/install/assem_description/share/assem_description/package.dsv'
[2.730s] INFO:colcon.colcon_core.shell:Creating package script '/home/armaan/Desktop/robot-dog/Robot_Description/install/assem_description/share/assem_description/package.sh'
[2.731s] INFO:colcon.colcon_core.shell:Creating package script '/home/armaan/Desktop/robot-dog/Robot_Description/install/assem_description/share/assem_description/package.bash'
[2.731s] INFO:colcon.colcon_core.shell:Creating package script '/home/armaan/Desktop/robot-dog/Robot_Description/install/assem_description/share/assem_description/package.zsh'
[2.731s] Level 1:colcon.colcon_core.environment:create_file_with_runtime_dependencies(/home/armaan/Desktop/robot-dog/Robot_Description/install/assem_description/share/colcon-core/packages/assem_description)
[2.731s] DEBUG:colcon.colcon_parallel_executor.executor.parallel:closing loop
[2.731s] DEBUG:colcon.colcon_parallel_executor.executor.parallel:loop closed
[2.731s] DEBUG:colcon.colcon_parallel_executor.executor.parallel:run_until_complete finished with '0'
[2.731s] DEBUG:colcon.colcon_core.event_reactor:joining thread
[2.733s] INFO:colcon.colcon_core.plugin_system:Skipping extension 'colcon_notification.desktop_notification.notify2': 'notify2' not found
[2.733s] INFO:colcon.colcon_core.plugin_system:Skipping extension 'colcon_notification.desktop_notification.terminal_notifier': Not used on non-Darwin systems
[2.733s] INFO:colcon.colcon_core.plugin_system:Skipping extension 'colcon_notification.desktop_notification.win32': Not used on non-Windows systems
[2.733s] INFO:colcon.colcon_notification.desktop_notification:Sending desktop notification using 'notify_send'
[2.749s] DEBUG:colcon.colcon_core.event_reactor:joined thread
[2.750s] INFO:colcon.colcon_core.shell:Creating prefix script '/home/armaan/Desktop/robot-dog/Robot_Description/install/local_setup.ps1'
[2.750s] INFO:colcon.colcon_core.shell:Creating prefix util module '/home/armaan/Desktop/robot-dog/Robot_Description/install/_local_setup_util_ps1.py'
[2.751s] INFO:colcon.colcon_core.shell:Creating prefix chain script '/home/armaan/Desktop/robot-dog/Robot_Description/install/setup.ps1'
[2.751s] INFO:colcon.colcon_core.shell:Creating prefix script '/home/armaan/Desktop/robot-dog/Robot_Description/install/local_setup.sh'
[2.752s] INFO:colcon.colcon_core.shell:Creating prefix util module '/home/armaan/Desktop/robot-dog/Robot_Description/install/_local_setup_util_sh.py'
[2.752s] INFO:colcon.colcon_core.shell:Creating prefix chain script '/home/armaan/Desktop/robot-dog/Robot_Description/install/setup.sh'
[2.753s] INFO:colcon.colcon_core.shell:Creating prefix script '/home/armaan/Desktop/robot-dog/Robot_Description/install/local_setup.bash'
[2.753s] INFO:colcon.colcon_core.shell:Creating prefix chain script '/home/armaan/Desktop/robot-dog/Robot_Description/install/setup.bash'
[2.753s] INFO:colcon.colcon_core.shell:Creating prefix script '/home/armaan/Desktop/robot-dog/Robot_Description/install/local_setup.zsh'
[2.753s] INFO:colcon.colcon_core.shell:Creating prefix chain script '/home/armaan/Desktop/robot-dog/Robot_Description/install/setup.zsh'
