-- Install configuration: ""
-- Up-to-date: /home/armaan/Desktop/robot-dog/install/assem_description/share/assem_description/meshes
-- Up-to-date: /home/armaan/Desktop/robot-dog/install/assem_description/share/assem_description/meshes/Component1_Mirror___4__2.stl
-- Up-to-date: /home/armaan/Desktop/robot-dog/install/assem_description/share/assem_description/meshes/Right_Back_Leg_Mount_v1_1.stl
-- Up-to-date: /home/armaan/Desktop/robot-dog/install/assem_description/share/assem_description/meshes/Foot_v3_2.stl
-- Up-to-date: /home/armaan/Desktop/robot-dog/install/assem_description/share/assem_description/meshes/Servo_Horn_v3_8.stl
-- Up-to-date: /home/armaan/Desktop/robot-dog/install/assem_description/share/assem_description/meshes/Left_Back_Leg_Mount_v1_1.stl
-- Up-to-date: /home/armaan/Desktop/robot-dog/install/assem_description/share/assem_description/meshes/base_link.stl
-- Up-to-date: /home/armaan/Desktop/robot-dog/install/assem_description/share/assem_description/meshes/Left_Front_Leg_Mount_v1_1.stl
-- Up-to-date: /home/armaan/Desktop/robot-dog/install/assem_description/share/assem_description/meshes/Servo_Horn_v3_2.stl
-- Up-to-date: /home/armaan/Desktop/robot-dog/install/assem_description/share/assem_description/meshes/Foot_v3_1.stl
-- Up-to-date: /home/armaan/Desktop/robot-dog/install/assem_description/share/assem_description/meshes/Servo_Horn_v3_1.stl
-- Up-to-date: /home/armaan/Desktop/robot-dog/install/assem_description/share/assem_description/meshes/Component1_Mirror___5__1.stl
-- Up-to-date: /home/armaan/Desktop/robot-dog/install/assem_description/share/assem_description/meshes/Servo_Horn_v3_4.stl
-- Up-to-date: /home/armaan/Desktop/robot-dog/install/assem_description/share/assem_description/meshes/Component1_Mirror___4__1.stl
-- Up-to-date: /home/armaan/Desktop/robot-dog/install/assem_description/share/assem_description/meshes/Servo_Horn_v3_6.stl
-- Up-to-date: /home/armaan/Desktop/robot-dog/install/assem_description/share/assem_description/meshes/Left_Link_v4_1.stl
-- Up-to-date: /home/armaan/Desktop/robot-dog/install/assem_description/share/assem_description/meshes/Servo_Horn_v3_7.stl
-- Up-to-date: /home/armaan/Desktop/robot-dog/install/assem_description/share/assem_description/meshes/Component1_Mirror___5__2.stl
-- Up-to-date: /home/armaan/Desktop/robot-dog/install/assem_description/share/assem_description/meshes/Right_Front_Leg_Mount_v1_1.stl
-- Up-to-date: /home/armaan/Desktop/robot-dog/install/assem_description/share/assem_description/meshes/Servo_Horn_v3_5.stl
-- Up-to-date: /home/armaan/Desktop/robot-dog/install/assem_description/share/assem_description/meshes/Servo_Horn_v3_3.stl
-- Up-to-date: /home/armaan/Desktop/robot-dog/install/assem_description/share/assem_description/meshes/Left_Link_v4_2.stl
-- Up-to-date: /home/armaan/Desktop/robot-dog/install/assem_description/share/assem_description/urdf
-- Up-to-date: /home/armaan/Desktop/robot-dog/install/assem_description/share/assem_description/urdf/assem.xacro
-- Up-to-date: /home/armaan/Desktop/robot-dog/install/assem_description/share/assem_description/urdf/assem.trans
-- Up-to-date: /home/armaan/Desktop/robot-dog/install/assem_description/share/assem_description/urdf/materials.xacro
-- Up-to-date: /home/armaan/Desktop/robot-dog/install/assem_description/share/assem_description/launch
-- Up-to-date: /home/armaan/Desktop/robot-dog/install/assem_description/share/assem_description/launch/__pycache__
-- Up-to-date: /home/armaan/Desktop/robot-dog/install/assem_description/share/assem_description/launch/__pycache__/robot_description.launch.cpython-310.pyc
-- Up-to-date: /home/armaan/Desktop/robot-dog/install/assem_description/share/assem_description/launch/robot_description.launch.py
-- Up-to-date: /home/armaan/Desktop/robot-dog/install/assem_description/share/ament_index/resource_index/package_run_dependencies/assem_description
-- Up-to-date: /home/armaan/Desktop/robot-dog/install/assem_description/share/ament_index/resource_index/parent_prefix_path/assem_description
-- Up-to-date: /home/armaan/Desktop/robot-dog/install/assem_description/share/assem_description/environment/ament_prefix_path.sh
-- Up-to-date: /home/armaan/Desktop/robot-dog/install/assem_description/share/assem_description/environment/ament_prefix_path.dsv
-- Up-to-date: /home/armaan/Desktop/robot-dog/install/assem_description/share/assem_description/environment/path.sh
-- Up-to-date: /home/armaan/Desktop/robot-dog/install/assem_description/share/assem_description/environment/path.dsv
-- Up-to-date: /home/armaan/Desktop/robot-dog/install/assem_description/share/assem_description/local_setup.bash
-- Up-to-date: /home/armaan/Desktop/robot-dog/install/assem_description/share/assem_description/local_setup.sh
-- Up-to-date: /home/armaan/Desktop/robot-dog/install/assem_description/share/assem_description/local_setup.zsh
-- Up-to-date: /home/armaan/Desktop/robot-dog/install/assem_description/share/assem_description/local_setup.dsv
-- Installing: /home/armaan/Desktop/robot-dog/install/assem_description/share/assem_description/package.dsv
-- Up-to-date: /home/armaan/Desktop/robot-dog/install/assem_description/share/ament_index/resource_index/packages/assem_description
-- Up-to-date: /home/armaan/Desktop/robot-dog/install/assem_description/share/assem_description/cmake/assem_descriptionConfig.cmake
-- Up-to-date: /home/armaan/Desktop/robot-dog/install/assem_description/share/assem_description/cmake/assem_descriptionConfig-version.cmake
-- Up-to-date: /home/armaan/Desktop/robot-dog/install/assem_description/share/assem_description/package.xml
