[0.011s] Invoking command in '/home/armaan/Desktop/robot-dog/build/assem_description': CMAKE_PREFIX_PATH=${CMAKE_PREFIX_PATH}:/opt/ros/humble CONDA_PROMPT_MODIFIER=(base) /usr/bin/cmake --build /home/armaan/Desktop/robot-dog/build/assem_description -- -j16 -l16
[0.055s] Invoked command in '/home/armaan/Desktop/robot-dog/build/assem_description' returned '0': CMAKE_PREFIX_PATH=${CMAKE_PREFIX_PATH}:/opt/ros/humble CONDA_PROMPT_MODIFIER=(base) /usr/bin/cmake --build /home/armaan/Desktop/robot-dog/build/assem_description -- -j16 -l16
[0.088s] Invoking command in '/home/armaan/Desktop/robot-dog/build/assem_description': CMAKE_PREFIX_PATH=${CMAKE_PREFIX_PATH}:/opt/ros/humble CONDA_PROMPT_MODIFIER=(base) /usr/bin/cmake --install /home/armaan/Desktop/robot-dog/build/assem_description
[0.094s] -- Install configuration: ""
[0.094s] -- Up-to-date: /home/armaan/Desktop/robot-dog/install/assem_description/share/assem_description/meshes
[0.094s] -- Up-to-date: /home/armaan/Desktop/robot-dog/install/assem_description/share/assem_description/meshes/Component1_Mirror___4__2.stl
[0.094s] -- Up-to-date: /home/armaan/Desktop/robot-dog/install/assem_description/share/assem_description/meshes/Right_Back_Leg_Mount_v1_1.stl
[0.095s] -- Up-to-date: /home/armaan/Desktop/robot-dog/install/assem_description/share/assem_description/meshes/Foot_v3_2.stl
[0.095s] -- Up-to-date: /home/armaan/Desktop/robot-dog/install/assem_description/share/assem_description/meshes/Servo_Horn_v3_8.stl
[0.095s] -- Up-to-date: /home/armaan/Desktop/robot-dog/install/assem_description/share/assem_description/meshes/Left_Back_Leg_Mount_v1_1.stl
[0.095s] -- Up-to-date: /home/armaan/Desktop/robot-dog/install/assem_description/share/assem_description/meshes/base_link.stl
[0.095s] -- Up-to-date: /home/armaan/Desktop/robot-dog/install/assem_description/share/assem_description/meshes/Left_Front_Leg_Mount_v1_1.stl
[0.095s] -- Up-to-date: /home/armaan/Desktop/robot-dog/install/assem_description/share/assem_description/meshes/Servo_Horn_v3_2.stl
[0.095s] -- Up-to-date: /home/armaan/Desktop/robot-dog/install/assem_description/share/assem_description/meshes/Foot_v3_1.stl
[0.095s] -- Up-to-date: /home/armaan/Desktop/robot-dog/install/assem_description/share/assem_description/meshes/Servo_Horn_v3_1.stl
[0.095s] -- Up-to-date: /home/armaan/Desktop/robot-dog/install/assem_description/share/assem_description/meshes/Component1_Mirror___5__1.stl
[0.095s] -- Up-to-date: /home/armaan/Desktop/robot-dog/install/assem_description/share/assem_description/meshes/Servo_Horn_v3_4.stl
[0.095s] -- Up-to-date: /home/armaan/Desktop/robot-dog/install/assem_description/share/assem_description/meshes/Component1_Mirror___4__1.stl
[0.095s] -- Up-to-date: /home/armaan/Desktop/robot-dog/install/assem_description/share/assem_description/meshes/Servo_Horn_v3_6.stl
[0.095s] -- Up-to-date: /home/armaan/Desktop/robot-dog/install/assem_description/share/assem_description/meshes/Left_Link_v4_1.stl
[0.095s] -- Up-to-date: /home/armaan/Desktop/robot-dog/install/assem_description/share/assem_description/meshes/Servo_Horn_v3_7.stl
[0.095s] -- Up-to-date: /home/armaan/Desktop/robot-dog/install/assem_description/share/assem_description/meshes/Component1_Mirror___5__2.stl
[0.095s] -- Up-to-date: /home/armaan/Desktop/robot-dog/install/assem_description/share/assem_description/meshes/Right_Front_Leg_Mount_v1_1.stl
[0.095s] -- Up-to-date: /home/armaan/Desktop/robot-dog/install/assem_description/share/assem_description/meshes/Servo_Horn_v3_5.stl
[0.095s] -- Up-to-date: /home/armaan/Desktop/robot-dog/install/assem_description/share/assem_description/meshes/Servo_Horn_v3_3.stl
[0.095s] -- Up-to-date: /home/armaan/Desktop/robot-dog/install/assem_description/share/assem_description/meshes/Left_Link_v4_2.stl
[0.095s] -- Up-to-date: /home/armaan/Desktop/robot-dog/install/assem_description/share/assem_description/urdf
[0.096s] -- Up-to-date: /home/armaan/Desktop/robot-dog/install/assem_description/share/assem_description/urdf/assem.xacro
[0.096s] -- Up-to-date: /home/armaan/Desktop/robot-dog/install/assem_description/share/assem_description/urdf/assem.trans
[0.096s] -- Up-to-date: /home/armaan/Desktop/robot-dog/install/assem_description/share/assem_description/urdf/materials.xacro
[0.096s] -- Up-to-date: /home/armaan/Desktop/robot-dog/install/assem_description/share/assem_description/launch
[0.096s] -- Up-to-date: /home/armaan/Desktop/robot-dog/install/assem_description/share/assem_description/launch/__pycache__
[0.096s] -- Installing: /home/armaan/Desktop/robot-dog/install/assem_description/share/assem_description/launch/__pycache__/robot_description.launch.cpython-310.pyc
[0.096s] -- Installing: /home/armaan/Desktop/robot-dog/install/assem_description/share/assem_description/launch/robot_description.launch.py
[0.096s] -- Up-to-date: /home/armaan/Desktop/robot-dog/install/assem_description/share/ament_index/resource_index/package_run_dependencies/assem_description
[0.096s] -- Up-to-date: /home/armaan/Desktop/robot-dog/install/assem_description/share/ament_index/resource_index/parent_prefix_path/assem_description
[0.096s] -- Up-to-date: /home/armaan/Desktop/robot-dog/install/assem_description/share/assem_description/environment/ament_prefix_path.sh
[0.096s] -- Up-to-date: /home/armaan/Desktop/robot-dog/install/assem_description/share/assem_description/environment/ament_prefix_path.dsv
[0.096s] -- Up-to-date: /home/armaan/Desktop/robot-dog/install/assem_description/share/assem_description/environment/path.sh
[0.096s] -- Up-to-date: /home/armaan/Desktop/robot-dog/install/assem_description/share/assem_description/environment/path.dsv
[0.096s] -- Up-to-date: /home/armaan/Desktop/robot-dog/install/assem_description/share/assem_description/local_setup.bash
[0.096s] -- Up-to-date: /home/armaan/Desktop/robot-dog/install/assem_description/share/assem_description/local_setup.sh
[0.096s] -- Up-to-date: /home/armaan/Desktop/robot-dog/install/assem_description/share/assem_description/local_setup.zsh
[0.096s] -- Up-to-date: /home/armaan/Desktop/robot-dog/install/assem_description/share/assem_description/local_setup.dsv
[0.096s] -- Installing: /home/armaan/Desktop/robot-dog/install/assem_description/share/assem_description/package.dsv
[0.096s] -- Up-to-date: /home/armaan/Desktop/robot-dog/install/assem_description/share/ament_index/resource_index/packages/assem_description
[0.096s] -- Up-to-date: /home/armaan/Desktop/robot-dog/install/assem_description/share/assem_description/cmake/assem_descriptionConfig.cmake
[0.096s] -- Up-to-date: /home/armaan/Desktop/robot-dog/install/assem_description/share/assem_description/cmake/assem_descriptionConfig-version.cmake
[0.096s] -- Up-to-date: /home/armaan/Desktop/robot-dog/install/assem_description/share/assem_description/package.xml
[0.098s] Invoked command in '/home/armaan/Desktop/robot-dog/build/assem_description' returned '0': CMAKE_PREFIX_PATH=${CMAKE_PREFIX_PATH}:/opt/ros/humble CONDA_PROMPT_MODIFIER=(base) /usr/bin/cmake --install /home/armaan/Desktop/robot-dog/build/assem_description
