[0.017s] Invoking command in '/home/armaanrasheed/robot-dog/build/robot_description': CMAKE_PREFIX_PATH=${CMAKE_PREFIX_PATH}:/opt/ros/humble /usr/bin/cmake /home/armaanrasheed/robot-dog/robot_ws/src/robot_description -DAMENT_CMAKE_SYMLINK_INSTALL=1 -DCMAKE_INSTALL_PREFIX=/home/armaanrasheed/robot-dog/install/robot_description
[0.050s] -- Found ament_cmake: 1.3.9 (/opt/ros/humble/share/ament_cmake/cmake)
[0.161s] -- Override CMake install command with custom implementation using symlinks instead of copying resources
[0.185s] -- Found urdf: 2.6.0 (/opt/ros/humble/share/urdf/cmake)
[1.537s] -- Found xacro: 2.0.8 (/opt/ros/humble/share/xacro/cmake)
[1.538s] -- Found gazebo_ros: 3.7.0 (/opt/ros/humble/share/gazebo_ros/cmake)
[1.570s] -- Found rosidl_generator_c: 3.1.5 (/opt/ros/humble/share/rosidl_generator_c/cmake)
[1.574s] -- Found rosidl_adapter: 3.1.5 (/opt/ros/humble/share/rosidl_adapter/cmake)
[1.583s] -- Found rosidl_generator_cpp: 3.1.5 (/opt/ros/humble/share/rosidl_generator_cpp/cmake)
[1.597s] -- Using all available rosidl_typesupport_c: rosidl_typesupport_fastrtps_c;rosidl_typesupport_introspection_c
[1.612s] -- Using all available rosidl_typesupport_cpp: rosidl_typesupport_fastrtps_cpp;rosidl_typesupport_introspection_cpp
[1.680s] -- Found rmw_implementation_cmake: 6.1.2 (/opt/ros/humble/share/rmw_implementation_cmake/cmake)
[1.683s] -- Found rmw_fastrtps_cpp: 6.2.6 (/opt/ros/humble/share/rmw_fastrtps_cpp/cmake)
[1.720s] -- Found TinyXML2 via Config file: TinyXML2_DIR-NOTFOUND
[1.729s] -- Found TinyXML2 via Config file: TinyXML2_DIR-NOTFOUND
[1.816s] -- Found TinyXML2 via Config file: TinyXML2_DIR-NOTFOUND
[1.822s] -- Found TinyXML2 via Config file: TinyXML2_DIR-NOTFOUND
[1.902s] -- Using RMW implementation 'rmw_fastrtps_cpp' as default
[2.098s] -- Found DART: /usr/include (Required is at least version "6.6") found components: dart 
[2.136s] -- Found Protobuf: /usr/lib/x86_64-linux-gnu/libprotobuf.so (found version "3.12.4") 
[2.139s] -- Looking for ignition-math6 -- found version 6.15.1
[2.147s] -- Searching for dependencies of ignition-math6
[2.150s] -- Looking for OGRE...
[2.155s] -- Found Ogre Ghadamon (1.9.0)
[2.155s] -- Found OGRE: optimized;/usr/lib/x86_64-linux-gnu/libOgreMain.so;debug;/usr/lib/x86_64-linux-gnu/libOgreMain.so
[2.163s] -- Looking for OGRE_Paging...
[2.163s] -- Found OGRE_Paging: optimized;/usr/lib/x86_64-linux-gnu/libOgrePaging.so;debug;/usr/lib/x86_64-linux-gnu/libOgrePaging.so
[2.163s] -- Looking for OGRE_Terrain...
[2.163s] -- Found OGRE_Terrain: optimized;/usr/lib/x86_64-linux-gnu/libOgreTerrain.so;debug;/usr/lib/x86_64-linux-gnu/libOgreTerrain.so
[2.163s] -- Looking for OGRE_Property...
[2.163s] -- Found OGRE_Property: optimized;/usr/lib/x86_64-linux-gnu/libOgreProperty.so;debug;/usr/lib/x86_64-linux-gnu/libOgreProperty.so
[2.164s] -- Looking for OGRE_RTShaderSystem...
[2.164s] -- Found OGRE_RTShaderSystem: optimized;/usr/lib/x86_64-linux-gnu/libOgreRTShaderSystem.so;debug;/usr/lib/x86_64-linux-gnu/libOgreRTShaderSystem.so
[2.164s] -- Looking for OGRE_Volume...
[2.164s] -- Found OGRE_Volume: optimized;/usr/lib/x86_64-linux-gnu/libOgreVolume.so;debug;/usr/lib/x86_64-linux-gnu/libOgreVolume.so
[2.164s] -- Looking for OGRE_Overlay...
[2.164s] -- Found OGRE_Overlay: optimized;/usr/lib/x86_64-linux-gnu/libOgreOverlay.so;debug;/usr/lib/x86_64-linux-gnu/libOgreOverlay.so
[20.222s] -- Looking for ignition-math6 -- found version 6.15.1
[20.224s] -- Looking for ignition-transport8 -- found version 8.2.1
[20.224s] -- Searching for dependencies of ignition-transport8
[21.570s] -- Found Protobuf: /usr/lib/x86_64-linux-gnu/libprotobuf.so (found suitable version "3.12.4", minimum required is "3") 
[22.898s] -- Config-file not installed for ZeroMQ -- checking for pkg-config
[22.901s] -- Checking for module 'libzmq >= 4'
[22.914s] --   Found libzmq , version 4.3.4
[22.941s] -- Checking for module 'uuid'
[22.950s] --   Found uuid, version 2.37.2
[22.973s] -- Looking for ignition-msgs5 -- found version 5.8.1
[22.973s] -- Searching for dependencies of ignition-msgs5
[24.224s] -- Looking for ignition-math6 -- found version 6.15.1
[24.231s] -- Looking for ignition-msgs5 -- found version 5.8.1
[24.232s] -- Looking for ignition-common3 -- found version 3.14.0
[24.232s] -- Searching for dependencies of ignition-common3
[24.233s] -- Looking for dlfcn.h - found
[24.233s] -- Looking for libdl - found
[24.340s] -- Searching for <ignition-common3> component [graphics]
[24.341s] -- Looking for ignition-common3-graphics -- found version 3.14.0
[24.341s] -- Searching for dependencies of ignition-common3-graphics
[24.342s] -- Looking for ignition-math6 -- found version 6.15.1
[24.344s] -- Looking for ignition-fuel_tools4 -- found version 4.4.0
[24.344s] -- Searching for dependencies of ignition-fuel_tools4
[25.786s] -- Checking for module 'jsoncpp'
[25.793s] --   Found jsoncpp, version 1.9.5
[25.813s] -- Checking for module 'libzip'
[25.820s] --   Found libzip, version 1.7.3
[25.837s] -- Looking for ignition-common3 -- found version 3.14.0
[25.837s] -- Looking for ignition-math6 -- found version 6.15.1
[25.837s] -- Looking for ignition-msgs5 -- found version 5.8.1
[25.841s] -- Gazebo version: 11.10
[25.848s] -- Found robot_state_publisher: 3.0.3 (/opt/ros/humble/share/robot_state_publisher/cmake)
[25.905s] -- Found eigen3_cmake_module: 0.1.1 (/opt/ros/humble/share/eigen3_cmake_module/cmake)
[25.907s] -- Ensuring Eigen3 include directory is part of orocos-kdl CMake target
[26.363s] -- Configuring done
[26.371s] -- Generating done
[26.374s] -- Build files have been written to: /home/armaanrasheed/robot-dog/build/robot_description
[26.386s] Invoked command in '/home/armaanrasheed/robot-dog/build/robot_description' returned '0': CMAKE_PREFIX_PATH=${CMAKE_PREFIX_PATH}:/opt/ros/humble /usr/bin/cmake /home/armaanrasheed/robot-dog/robot_ws/src/robot_description -DAMENT_CMAKE_SYMLINK_INSTALL=1 -DCMAKE_INSTALL_PREFIX=/home/armaanrasheed/robot-dog/install/robot_description
[26.386s] Invoking command in '/home/armaanrasheed/robot-dog/build/robot_description': CMAKE_PREFIX_PATH=${CMAKE_PREFIX_PATH}:/opt/ros/humble /usr/bin/cmake --build /home/armaanrasheed/robot-dog/build/robot_description -- -j16 -l16
[26.411s] Invoked command in '/home/armaanrasheed/robot-dog/build/robot_description' returned '0': CMAKE_PREFIX_PATH=${CMAKE_PREFIX_PATH}:/opt/ros/humble /usr/bin/cmake --build /home/armaanrasheed/robot-dog/build/robot_description -- -j16 -l16
[26.431s] Invoking command in '/home/armaanrasheed/robot-dog/build/robot_description': CMAKE_PREFIX_PATH=${CMAKE_PREFIX_PATH}:/opt/ros/humble /usr/bin/cmake --install /home/armaanrasheed/robot-dog/build/robot_description
[26.435s] -- Install configuration: ""
[26.436s] -- Execute custom install script
[26.436s] -- Symlinking: /home/armaanrasheed/robot-dog/install/robot_description/share/robot_description/meshes/Component1_Mirror___4__1.stl
[26.441s] -- Symlinking: /home/armaanrasheed/robot-dog/install/robot_description/share/robot_description/meshes/Component1_Mirror___4__2.stl
[26.446s] -- Symlinking: /home/armaanrasheed/robot-dog/install/robot_description/share/robot_description/meshes/Component1_Mirror___5__1.stl
[26.451s] -- Symlinking: /home/armaanrasheed/robot-dog/install/robot_description/share/robot_description/meshes/Component1_Mirror___5__2.stl
[26.456s] -- Symlinking: /home/armaanrasheed/robot-dog/install/robot_description/share/robot_description/meshes/Foot_v3_1.stl
[26.460s] -- Symlinking: /home/armaanrasheed/robot-dog/install/robot_description/share/robot_description/meshes/Foot_v3_2.stl
[26.465s] -- Symlinking: /home/armaanrasheed/robot-dog/install/robot_description/share/robot_description/meshes/Left_Back_Leg_Mount_v1_1.stl
[26.471s] -- Symlinking: /home/armaanrasheed/robot-dog/install/robot_description/share/robot_description/meshes/Left_Front_Leg_Mount_v1_1.stl
[26.476s] -- Symlinking: /home/armaanrasheed/robot-dog/install/robot_description/share/robot_description/meshes/Left_Link_v4_1.stl
[26.481s] -- Symlinking: /home/armaanrasheed/robot-dog/install/robot_description/share/robot_description/meshes/Left_Link_v4_2.stl
[26.486s] -- Symlinking: /home/armaanrasheed/robot-dog/install/robot_description/share/robot_description/meshes/Right_Back_Leg_Mount_v1_1.stl
[26.492s] -- Symlinking: /home/armaanrasheed/robot-dog/install/robot_description/share/robot_description/meshes/Right_Front_Leg_Mount_v1_1.stl
[26.497s] -- Symlinking: /home/armaanrasheed/robot-dog/install/robot_description/share/robot_description/meshes/Servo_Horn_v3_1.stl
[26.503s] -- Symlinking: /home/armaanrasheed/robot-dog/install/robot_description/share/robot_description/meshes/Servo_Horn_v3_2.stl
[26.508s] -- Symlinking: /home/armaanrasheed/robot-dog/install/robot_description/share/robot_description/meshes/Servo_Horn_v3_3.stl
[26.513s] -- Symlinking: /home/armaanrasheed/robot-dog/install/robot_description/share/robot_description/meshes/Servo_Horn_v3_4.stl
[26.518s] -- Symlinking: /home/armaanrasheed/robot-dog/install/robot_description/share/robot_description/meshes/Servo_Horn_v3_5.stl
[26.523s] -- Symlinking: /home/armaanrasheed/robot-dog/install/robot_description/share/robot_description/meshes/Servo_Horn_v3_6.stl
[26.528s] -- Symlinking: /home/armaanrasheed/robot-dog/install/robot_description/share/robot_description/meshes/Servo_Horn_v3_7.stl
[26.532s] -- Symlinking: /home/armaanrasheed/robot-dog/install/robot_description/share/robot_description/meshes/Servo_Horn_v3_8.stl
[26.537s] -- Symlinking: /home/armaanrasheed/robot-dog/install/robot_description/share/robot_description/meshes/base_link.stl
[26.544s] -- Symlinking: /home/armaanrasheed/robot-dog/install/robot_description/share/robot_description/urdf/assem.trans
[26.549s] -- Symlinking: /home/armaanrasheed/robot-dog/install/robot_description/share/robot_description/urdf/assem.xacro
[26.554s] -- Symlinking: /home/armaanrasheed/robot-dog/install/robot_description/share/robot_description/urdf/materials.xacro
[26.559s] -- Symlinking: /home/armaanrasheed/robot-dog/install/robot_description/share/robot_description/launch/__pycache__/robot_description.launch.cpython-310.pyc
[26.563s] -- Symlinking: /home/armaanrasheed/robot-dog/install/robot_description/share/robot_description/launch/gazebo.launch.py
[26.568s] -- Symlinking: /home/armaanrasheed/robot-dog/install/robot_description/share/robot_description/launch/master.launch.py
[26.573s] -- Symlinking: /home/armaanrasheed/robot-dog/install/robot_description/share/robot_description/launch/view_robot.launch.py
[26.578s] -- Symlinking: /home/armaanrasheed/robot-dog/install/robot_description/share/ament_index/resource_index/package_run_dependencies/robot_description
[26.583s] -- Symlinking: /home/armaanrasheed/robot-dog/install/robot_description/share/ament_index/resource_index/parent_prefix_path/robot_description
[26.588s] -- Symlinking: /home/armaanrasheed/robot-dog/install/robot_description/share/robot_description/environment/ament_prefix_path.sh
[26.593s] -- Symlinking: /home/armaanrasheed/robot-dog/install/robot_description/share/robot_description/environment/ament_prefix_path.dsv
[26.598s] -- Symlinking: /home/armaanrasheed/robot-dog/install/robot_description/share/robot_description/environment/path.sh
[26.604s] -- Symlinking: /home/armaanrasheed/robot-dog/install/robot_description/share/robot_description/environment/path.dsv
[26.609s] -- Symlinking: /home/armaanrasheed/robot-dog/install/robot_description/share/robot_description/local_setup.bash
[26.614s] -- Symlinking: /home/armaanrasheed/robot-dog/install/robot_description/share/robot_description/local_setup.sh
[26.619s] -- Symlinking: /home/armaanrasheed/robot-dog/install/robot_description/share/robot_description/local_setup.zsh
[26.624s] -- Symlinking: /home/armaanrasheed/robot-dog/install/robot_description/share/robot_description/local_setup.dsv
[26.629s] -- Symlinking: /home/armaanrasheed/robot-dog/install/robot_description/share/robot_description/package.dsv
[26.633s] -- Symlinking: /home/armaanrasheed/robot-dog/install/robot_description/share/ament_index/resource_index/packages/robot_description
[26.638s] -- Symlinking: /home/armaanrasheed/robot-dog/install/robot_description/share/robot_description/cmake/robot_descriptionConfig.cmake
[26.643s] -- Symlinking: /home/armaanrasheed/robot-dog/install/robot_description/share/robot_description/cmake/robot_descriptionConfig-version.cmake
[26.648s] -- Symlinking: /home/armaanrasheed/robot-dog/install/robot_description/share/robot_description/package.xml
[26.654s] Invoked command in '/home/armaanrasheed/robot-dog/build/robot_description' returned '0': CMAKE_PREFIX_PATH=${CMAKE_PREFIX_PATH}:/opt/ros/humble /usr/bin/cmake --install /home/armaanrasheed/robot-dog/build/robot_description
