[0.010s] Invoking command in '/home/armaan/Desktop/robot-dog/build/assem_description': CMAKE_PREFIX_PATH=${CMAKE_PREFIX_PATH}:/opt/ros/humble CONDA_PROMPT_MODIFIER=(base) /usr/bin/cmake /home/armaan/Desktop/robot-dog/Robot_Description -DCMAKE_INSTALL_PREFIX=/home/armaan/Desktop/robot-dog/install/assem_description
[0.060s] -- The C compiler identification is GNU 11.4.0
[0.108s] -- The CXX compiler identification is GNU 11.4.0
[0.115s] -- Detecting C compiler ABI info
[0.182s] -- Detecting C compiler ABI info - done
[0.187s] -- Check for working C compiler: /usr/bin/cc - skipped
[0.187s] -- Detecting C compile features
[0.187s] -- Detecting C compile features - done
[0.190s] -- Detecting CXX compiler ABI info
[0.265s] -- Detecting CXX compiler ABI info - done
[0.270s] -- Check for working CXX compiler: /usr/bin/c++ - skipped
[0.270s] -- Detecting CXX compile features
[0.270s] -- Detecting CXX compile features - done
[0.272s] -- Found ament_cmake: 1.3.8 (/opt/ros/humble/share/ament_cmake/cmake)
[0.515s] -- Found Python3: /home/armaan/miniconda3/bin/python3 (found version "3.11.5") found components: Interpreter 
[0.585s] -- Found urdf: 2.6.0 (/opt/ros/humble/share/urdf/cmake)
[0.629s] -- Found robot_state_publisher: 3.0.3 (/opt/ros/humble/share/robot_state_publisher/cmake)
[0.654s] -- Found rosidl_generator_c: 3.1.5 (/opt/ros/humble/share/rosidl_generator_c/cmake)
[0.658s] -- Found rosidl_adapter: 3.1.5 (/opt/ros/humble/share/rosidl_adapter/cmake)
[0.666s] -- Found rosidl_generator_cpp: 3.1.5 (/opt/ros/humble/share/rosidl_generator_cpp/cmake)
[0.679s] -- Using all available rosidl_typesupport_c: rosidl_typesupport_fastrtps_c;rosidl_typesupport_introspection_c
[0.692s] -- Using all available rosidl_typesupport_cpp: rosidl_typesupport_fastrtps_cpp;rosidl_typesupport_introspection_cpp
[0.799s] -- Found eigen3_cmake_module: 0.1.1 (/opt/ros/humble/share/eigen3_cmake_module/cmake)
[0.800s] -- Found Eigen3: TRUE (found version "3.4.0") 
[0.800s] -- Ensuring Eigen3 include directory is part of orocos-kdl CMake target
[0.853s] -- Found rmw_implementation_cmake: 6.1.1 (/opt/ros/humble/share/rmw_implementation_cmake/cmake)
[0.856s] -- Found rmw_fastrtps_cpp: 6.2.6 (/opt/ros/humble/share/rmw_fastrtps_cpp/cmake)
[0.889s] -- Found TinyXML2 via Config file: TinyXML2_DIR-NOTFOUND
[0.947s] -- Found OpenSSL: /usr/lib/x86_64-linux-gnu/libcrypto.so (found version "3.0.2")  
[0.950s] -- Found TinyXML2 via Config file: TinyXML2_DIR-NOTFOUND
[0.962s] -- Found FastRTPS: /opt/ros/humble/include  
[0.969s] -- Found TinyXML2 via Config file: TinyXML2_DIR-NOTFOUND
[0.976s] -- Found TinyXML2 via Config file: TinyXML2_DIR-NOTFOUND
[0.983s] -- Using RMW implementation 'rmw_fastrtps_cpp' as default
[0.994s] -- Looking for pthread.h
[1.061s] -- Looking for pthread.h - found
[1.062s] -- Performing Test CMAKE_HAVE_LIBC_PTHREAD
[1.124s] -- Performing Test CMAKE_HAVE_LIBC_PTHREAD - Success
[1.125s] -- Found Threads: TRUE  
[1.549s] -- Found xacro: 2.0.8 (/opt/ros/humble/share/xacro/cmake)
[1.560s] [31mCMake Error at CMakeLists.txt:22 (find_package):
[1.560s]   By not providing "Findgazebo_ros.cmake" in CMAKE_MODULE_PATH this project
[1.560s]   has asked CMake to find a package configuration file provided by
[1.560s]   "gazebo_ros", but CMake did not find one.
[1.560s] 
[1.560s]   Could not find a package configuration file provided by "gazebo_ros" with
[1.560s]   any of the following names:
[1.560s] 
[1.560s]     gazebo_rosConfig.cmake
[1.560s]     gazebo_ros-config.cmake
[1.560s] 
[1.560s]   Add the installation prefix of "gazebo_ros" to CMAKE_PREFIX_PATH or set
[1.560s]   "gazebo_ros_DIR" to a directory containing one of the above files.  If
[1.560s]   "gazebo_ros" provides a separate development package or SDK, be sure it has
[1.560s]   been installed.
[1.560s] 
[1.560s] [0m
[1.560s] -- Configuring incomplete, errors occurred!
[1.560s] See also "/home/armaan/Desktop/robot-dog/build/assem_description/CMakeFiles/CMakeOutput.log".
[1.568s] Invoked command in '/home/armaan/Desktop/robot-dog/build/assem_description' returned '1': CMAKE_PREFIX_PATH=${CMAKE_PREFIX_PATH}:/opt/ros/humble CONDA_PROMPT_MODIFIER=(base) /usr/bin/cmake /home/armaan/Desktop/robot-dog/Robot_Description -DCMAKE_INSTALL_PREFIX=/home/armaan/Desktop/robot-dog/install/assem_description
